<?xml version="1.0" encoding="UTF-8"?>
<testsuites name="create new transaction-withdrawals" time="395.907" tests="22" failures="3" errors="0">
   <testsuite name="create new transaction-withdrawals" tests="22" failures="3" errors="0" time="395.907" skipped="0" timestamp="2024-01-07 16:46:39" hostname="Thuan - Revision-PC" id="Test Suites/Functional/create new transaction-withdrawals">
      <properties>
         <property name="deviceName" value=""/>
         <property name="devicePlatform" value=""/>
         <property name="logFolder" value="C:\\Users\\Thuan\\Desktop\\Workspace\\software_testing_katalon\\Reports\\20240107_164631\\Functional\\create new transaction-withdrawals\\20240107_164631"/>
         <property name="logFiles" value="C:\\Users\\Thuan\\Desktop\\Workspace\\software_testing_katalon\\Reports\\20240107_164631\\Functional\\create new transaction-withdrawals\\20240107_164631\\execution0.log"/>
         <property name="attachments" value="C:\\Users\\Thuan\\Desktop\\Workspace\\software_testing_katalon\\Reports\\20240107_164631\\Functional\\create new transaction-withdrawals\\20240107_164631\\1704620882193.png, C:\\Users\\Thuan\\Desktop\\Workspace\\software_testing_katalon\\Reports\\20240107_164631\\Functional\\create new transaction-withdrawals\\20240107_164631\\1704620898473.png, C:\\Users\\Thuan\\Desktop\\Workspace\\software_testing_katalon\\Reports\\20240107_164631\\Functional\\create new transaction-withdrawals\\20240107_164631\\1704620914268.png, C:\\Users\\Thuan\\Desktop\\Workspace\\software_testing_katalon\\Reports\\20240107_164631\\Functional\\create new transaction-withdrawals\\20240107_164631\\1704620929331.png, C:\\Users\\Thuan\\Desktop\\Workspace\\software_testing_katalon\\Reports\\20240107_164631\\Functional\\create new transaction-withdrawals\\20240107_164631\\1704621113386.png, C:\\Users\\Thuan\\Desktop\\Workspace\\software_testing_katalon\\Reports\\20240107_164631\\Functional\\create new transaction-withdrawals\\20240107_164631\\1704621123240.png, C:\\Users\\Thuan\\Desktop\\Workspace\\software_testing_katalon\\Reports\\20240107_164631\\Functional\\create new transaction-withdrawals\\20240107_164631\\1704621133181.png, C:\\Users\\Thuan\\Desktop\\Workspace\\software_testing_katalon\\Reports\\20240107_164631\\Functional\\create new transaction-withdrawals\\20240107_164631\\1704621143205.png, C:\\Users\\Thuan\\Desktop\\Workspace\\software_testing_katalon\\Reports\\20240107_164631\\Functional\\create new transaction-withdrawals\\20240107_164631\\1704621156133.png, C:\\Users\\Thuan\\Desktop\\Workspace\\software_testing_katalon\\Reports\\20240107_164631\\Functional\\create new transaction-withdrawals\\20240107_164631\\1704621168349.png, C:\\Users\\Thuan\\Desktop\\Workspace\\software_testing_katalon\\Reports\\20240107_164631\\Functional\\create new transaction-withdrawals\\20240107_164631\\1704621182445.png, C:\\Users\\Thuan\\Desktop\\Workspace\\software_testing_katalon\\Reports\\20240107_164631\\Functional\\create new transaction-withdrawals\\20240107_164631\\1704621195581.png"/>
         <property name="hostName" value="Thuan - Revision-PC"/>
         <property name="os" value="Windows 10 64bit"/>
         <property name="katalonVersion" value="8.6.8.208"/>
         <property name="browser" value="Chrome 120.0.0.0"/>
         <property name="hostAddress" value="172.28.16.1"/>
         <property name="sessionId" value="f2af5a206824c090ebe6a54a276e36ce"/>
         <property name="seleniumVersion" value="3.141.59"/>
         <property name="proxyInformation" value="ProxyInformation { proxyOption=NO_PROXY, proxyServerType=HTTP, username=, password=********, proxyServerAddress=, proxyServerPort=0, executionList=&quot;&quot;, isApplyToDesiredCapabilities=true }"/>
         <property name="platform" value="Windows 10"/>
      </properties>
      <testcase name="Test Cases/Functional/create new transaction-withdrawals/TC1" time="11.899" classname="Test Cases/Functional/create new transaction-withdrawals/TC1" status="PASSED">
         <system-out><![CDATA[2024-01-07 16:46:40 - [TEST_CASE][PASSED] - Test Cases/Functional/create new transaction-withdrawals/TC1: Test Cases/Functional/create new transaction-withdrawals/TC1

2024-01-07 16:46:40 - [TEST_STEP][PASSED] - openBrowser(""): Browser is opened with url: ''

2024-01-07 16:46:41 - [MESSAGE][INFO] - Starting 'Chrome' driver

2024-01-07 16:46:41 - [MESSAGE][INFO] - Action delay is set to 0 milliseconds

2024-01-07 16:46:43 - [MESSAGE][PASSED] - Browser is opened with url: ''

2024-01-07 16:46:43 - [TEST_STEP][PASSED] - navigateToUrl("https://demo.firefly-iii.org/"): Navigate to 'https://demo.firefly-iii.org/' successfully

2024-01-07 16:46:44 - [MESSAGE][PASSED] - Navigate to 'https://demo.firefly-iii.org/' successfully

2024-01-07 16:46:44 - [TEST_STEP][PASSED] - maximizeWindow(): Current window maximized

2024-01-07 16:46:44 - [MESSAGE][PASSED] - Current window maximized

2024-01-07 16:46:44 - [TEST_STEP][PASSED] - click(findTestObject("Object Repository/login/button_login")): Object: 'Object Repository/login/button_login' is clicked on

2024-01-07 16:46:46 - [MESSAGE][PASSED] - Object: 'Object Repository/login/button_login' is clicked on

2024-01-07 16:46:46 - [TEST_STEP][PASSED] - click(findTestObject("Object Repository/sidebar/button_sidebar")): Object: 'Object Repository/sidebar/button_sidebar' is clicked on

2024-01-07 16:46:48 - [MESSAGE][PASSED] - Object: 'Object Repository/sidebar/button_sidebar' is clicked on

2024-01-07 16:46:48 - [TEST_STEP][PASSED] - click(findTestObject("sidebar/button_new_drawal")): Object: 'Object Repository/sidebar/button_new_drawal' is clicked on

2024-01-07 16:46:49 - [MESSAGE][PASSED] - Object: 'Object Repository/sidebar/button_new_drawal' is clicked on

2024-01-07 16:46:49 - [TEST_STEP][PASSED] - setText(findTestObject("create_new_with_drawal/input_description"), "test"): Text 'test' is set on object 'Object Repository/create_new_with_drawal/input_description'

2024-01-07 16:46:50 - [MESSAGE][PASSED] - Text 'test' is set on object 'Object Repository/create_new_with_drawal/input_description'

2024-01-07 16:46:50 - [TEST_STEP][PASSED] - actual_text = getAttribute(findTestObject("create_new_with_drawal/input_description"), "value"): Attribute 'value' of object 'Object Repository/create_new_with_drawal/input_description' is: 'test'

2024-01-07 16:46:51 - [MESSAGE][PASSED] - Attribute 'value' of object 'Object Repository/create_new_with_drawal/input_description' is: 'test'

2024-01-07 16:46:51 - [TEST_STEP][PASSED] - verifyEqual(actual_text, expected_text): Actual object 'test' and expected object 'test' are equal

2024-01-07 16:46:51 - [MESSAGE][PASSED] - Actual object 'test' and expected object 'test' are equal

2024-01-07 16:46:51 - [TEST_STEP][PASSED] - closeBrowser(): Browser is closed

2024-01-07 16:46:52 - [MESSAGE][PASSED] - Browser is closed]]></system-out>
         <system-err><![CDATA[]]></system-err>
      </testcase>
      <testcase name="Test Cases/Functional/create new transaction-withdrawals/TC2_TC3_TC4" time="12.007" classname="Test Cases/Functional/create new transaction-withdrawals/TC2_TC3_TC4" status="PASSED">
         <system-out><![CDATA[2024-01-07 16:46:52 - [TEST_CASE][PASSED] - Test Cases/Functional/create new transaction-withdrawals/TC2_TC3_TC4: Test Cases/Functional/create new transaction-withdrawals/TC2_TC3_TC4

2024-01-07 16:46:52 - [TEST_STEP][PASSED] - openBrowser("https://demo.firefly-iii.org/"): Browser is opened with url: 'https://demo.firefly-iii.org/'

2024-01-07 16:46:52 - [MESSAGE][INFO] - Starting 'Chrome' driver

2024-01-07 16:46:52 - [MESSAGE][INFO] - Action delay is set to 0 milliseconds

2024-01-07 16:46:54 - [MESSAGE][PASSED] - Browser is opened with url: 'https://demo.firefly-iii.org/'

2024-01-07 16:46:54 - [TEST_STEP][PASSED] - maximizeWindow(): Current window maximized

2024-01-07 16:46:55 - [MESSAGE][PASSED] - Current window maximized

2024-01-07 16:46:55 - [TEST_STEP][PASSED] - click(findTestObject("Object Repository/login/button_login")): Object: 'Object Repository/login/button_login' is clicked on

2024-01-07 16:46:59 - [MESSAGE][PASSED] - Object: 'Object Repository/login/button_login' is clicked on

2024-01-07 16:46:59 - [TEST_STEP][PASSED] - click(findTestObject("Object Repository/sidebar/button_sidebar")): Object: 'Object Repository/sidebar/button_sidebar' is clicked on

2024-01-07 16:47:00 - [MESSAGE][PASSED] - Object: 'Object Repository/sidebar/button_sidebar' is clicked on

2024-01-07 16:47:00 - [TEST_STEP][PASSED] - click(findTestObject("sidebar/button_new_drawal")): Object: 'Object Repository/sidebar/button_new_drawal' is clicked on

2024-01-07 16:47:01 - [MESSAGE][PASSED] - Object: 'Object Repository/sidebar/button_new_drawal' is clicked on

2024-01-07 16:47:01 - [TEST_STEP][PASSED] - setText(findTestObject("create_new_with_drawal/input_account_source"), account_name): Text 'Checking Account' is set on object 'Object Repository/create_new_with_drawal/input_account_source'

2024-01-07 16:47:02 - [MESSAGE][PASSED] - Text 'Checking Account' is set on object 'Object Repository/create_new_with_drawal/input_account_source'

2024-01-07 16:47:02 - [TEST_STEP][PASSED] - verifyElementAttributeValue(findTestObject("create_new_with_drawal/dropdown_source_account"), "class", expected_value, 0): Object 'Object Repository/create_new_with_drawal/dropdown_source_account' has attribute 'class' with value 'dropdown open'

2024-01-07 16:47:02 - [MESSAGE][WARNING] - Timeout '0' is invalid. Using default page load timeout: '30'

2024-01-07 16:47:03 - [MESSAGE][PASSED] - Object 'Object Repository/create_new_with_drawal/dropdown_source_account' has attribute 'class' with value 'dropdown open'

2024-01-07 16:47:03 - [TEST_STEP][PASSED] - closeBrowser(): Browser is closed

2024-01-07 16:47:04 - [MESSAGE][PASSED] - Browser is closed]]></system-out>
         <system-err><![CDATA[]]></system-err>
      </testcase>
      <testcase name="Test Cases/Functional/create new transaction-withdrawals/TC2_TC3_TC4" time="9.999" classname="Test Cases/Functional/create new transaction-withdrawals/TC2_TC3_TC4" status="PASSED">
         <system-out><![CDATA[2024-01-07 16:47:04 - [TEST_CASE][PASSED] - Test Cases/Functional/create new transaction-withdrawals/TC2_TC3_TC4: Test Cases/Functional/create new transaction-withdrawals/TC2_TC3_TC4

2024-01-07 16:47:04 - [TEST_STEP][PASSED] - openBrowser("https://demo.firefly-iii.org/"): Browser is opened with url: 'https://demo.firefly-iii.org/'

2024-01-07 16:47:04 - [MESSAGE][INFO] - Starting 'Chrome' driver

2024-01-07 16:47:04 - [MESSAGE][INFO] - Action delay is set to 0 milliseconds

2024-01-07 16:47:06 - [MESSAGE][PASSED] - Browser is opened with url: 'https://demo.firefly-iii.org/'

2024-01-07 16:47:06 - [TEST_STEP][PASSED] - maximizeWindow(): Current window maximized

2024-01-07 16:47:06 - [MESSAGE][PASSED] - Current window maximized

2024-01-07 16:47:06 - [TEST_STEP][PASSED] - click(findTestObject("Object Repository/login/button_login")): Object: 'Object Repository/login/button_login' is clicked on

2024-01-07 16:47:08 - [MESSAGE][PASSED] - Object: 'Object Repository/login/button_login' is clicked on

2024-01-07 16:47:08 - [TEST_STEP][PASSED] - click(findTestObject("Object Repository/sidebar/button_sidebar")): Object: 'Object Repository/sidebar/button_sidebar' is clicked on

2024-01-07 16:47:09 - [MESSAGE][PASSED] - Object: 'Object Repository/sidebar/button_sidebar' is clicked on

2024-01-07 16:47:09 - [TEST_STEP][PASSED] - click(findTestObject("sidebar/button_new_drawal")): Object: 'Object Repository/sidebar/button_new_drawal' is clicked on

2024-01-07 16:47:11 - [MESSAGE][PASSED] - Object: 'Object Repository/sidebar/button_new_drawal' is clicked on

2024-01-07 16:47:11 - [TEST_STEP][PASSED] - setText(findTestObject("create_new_with_drawal/input_account_source"), account_name): Text 'The house' is set on object 'Object Repository/create_new_with_drawal/input_account_source'

2024-01-07 16:47:12 - [MESSAGE][PASSED] - Text 'The house' is set on object 'Object Repository/create_new_with_drawal/input_account_source'

2024-01-07 16:47:12 - [TEST_STEP][PASSED] - verifyElementAttributeValue(findTestObject("create_new_with_drawal/dropdown_source_account"), "class", expected_value, 0): Object 'Object Repository/create_new_with_drawal/dropdown_source_account' has attribute 'class' with value 'dropdown open'

2024-01-07 16:47:12 - [MESSAGE][WARNING] - Timeout '0' is invalid. Using default page load timeout: '30'

2024-01-07 16:47:13 - [MESSAGE][PASSED] - Object 'Object Repository/create_new_with_drawal/dropdown_source_account' has attribute 'class' with value 'dropdown open'

2024-01-07 16:47:13 - [TEST_STEP][PASSED] - closeBrowser(): Browser is closed

2024-01-07 16:47:14 - [MESSAGE][PASSED] - Browser is closed]]></system-out>
         <system-err><![CDATA[]]></system-err>
      </testcase>
      <testcase name="Test Cases/Functional/create new transaction-withdrawals/TC2_TC3_TC4" time="9.392" classname="Test Cases/Functional/create new transaction-withdrawals/TC2_TC3_TC4" status="PASSED">
         <system-out><![CDATA[2024-01-07 16:47:14 - [TEST_CASE][PASSED] - Test Cases/Functional/create new transaction-withdrawals/TC2_TC3_TC4: Test Cases/Functional/create new transaction-withdrawals/TC2_TC3_TC4

2024-01-07 16:47:14 - [TEST_STEP][PASSED] - openBrowser("https://demo.firefly-iii.org/"): Browser is opened with url: 'https://demo.firefly-iii.org/'

2024-01-07 16:47:14 - [MESSAGE][INFO] - Starting 'Chrome' driver

2024-01-07 16:47:14 - [MESSAGE][INFO] - Action delay is set to 0 milliseconds

2024-01-07 16:47:16 - [MESSAGE][PASSED] - Browser is opened with url: 'https://demo.firefly-iii.org/'

2024-01-07 16:47:16 - [TEST_STEP][PASSED] - maximizeWindow(): Current window maximized

2024-01-07 16:47:16 - [MESSAGE][PASSED] - Current window maximized

2024-01-07 16:47:16 - [TEST_STEP][PASSED] - click(findTestObject("Object Repository/login/button_login")): Object: 'Object Repository/login/button_login' is clicked on

2024-01-07 16:47:18 - [MESSAGE][PASSED] - Object: 'Object Repository/login/button_login' is clicked on

2024-01-07 16:47:18 - [TEST_STEP][PASSED] - click(findTestObject("Object Repository/sidebar/button_sidebar")): Object: 'Object Repository/sidebar/button_sidebar' is clicked on

2024-01-07 16:47:19 - [MESSAGE][PASSED] - Object: 'Object Repository/sidebar/button_sidebar' is clicked on

2024-01-07 16:47:19 - [TEST_STEP][PASSED] - click(findTestObject("sidebar/button_new_drawal")): Object: 'Object Repository/sidebar/button_new_drawal' is clicked on

2024-01-07 16:47:20 - [MESSAGE][PASSED] - Object: 'Object Repository/sidebar/button_new_drawal' is clicked on

2024-01-07 16:47:20 - [TEST_STEP][PASSED] - setText(findTestObject("create_new_with_drawal/input_account_source"), account_name): Text 'asdsadasdsadasdasdcasdasd' is set on object 'Object Repository/create_new_with_drawal/input_account_source'

2024-01-07 16:47:21 - [MESSAGE][PASSED] - Text 'asdsadasdsadasdasdcasdasd' is set on object 'Object Repository/create_new_with_drawal/input_account_source'

2024-01-07 16:47:21 - [TEST_STEP][PASSED] - verifyElementAttributeValue(findTestObject("create_new_with_drawal/dropdown_source_account"), "class", expected_value, 0): Object 'Object Repository/create_new_with_drawal/dropdown_source_account' has attribute 'class' with value 'dropdown'

2024-01-07 16:47:22 - [MESSAGE][WARNING] - Timeout '0' is invalid. Using default page load timeout: '30'

2024-01-07 16:47:22 - [MESSAGE][PASSED] - Object 'Object Repository/create_new_with_drawal/dropdown_source_account' has attribute 'class' with value 'dropdown'

2024-01-07 16:47:22 - [TEST_STEP][PASSED] - closeBrowser(): Browser is closed

2024-01-07 16:47:23 - [MESSAGE][PASSED] - Browser is closed]]></system-out>
         <system-err><![CDATA[]]></system-err>
      </testcase>
      <testcase name="Test Cases/Functional/create new transaction-withdrawals/TC2_TC3_TC4" time="9.712" classname="Test Cases/Functional/create new transaction-withdrawals/TC2_TC3_TC4" status="PASSED">
         <system-out><![CDATA[2024-01-07 16:47:23 - [TEST_CASE][PASSED] - Test Cases/Functional/create new transaction-withdrawals/TC2_TC3_TC4: Test Cases/Functional/create new transaction-withdrawals/TC2_TC3_TC4

2024-01-07 16:47:23 - [TEST_STEP][PASSED] - openBrowser("https://demo.firefly-iii.org/"): Browser is opened with url: 'https://demo.firefly-iii.org/'

2024-01-07 16:47:23 - [MESSAGE][INFO] - Starting 'Chrome' driver

2024-01-07 16:47:23 - [MESSAGE][INFO] - Action delay is set to 0 milliseconds

2024-01-07 16:47:26 - [MESSAGE][PASSED] - Browser is opened with url: 'https://demo.firefly-iii.org/'

2024-01-07 16:47:26 - [TEST_STEP][PASSED] - maximizeWindow(): Current window maximized

2024-01-07 16:47:26 - [MESSAGE][PASSED] - Current window maximized

2024-01-07 16:47:26 - [TEST_STEP][PASSED] - click(findTestObject("Object Repository/login/button_login")): Object: 'Object Repository/login/button_login' is clicked on

2024-01-07 16:47:28 - [MESSAGE][PASSED] - Object: 'Object Repository/login/button_login' is clicked on

2024-01-07 16:47:28 - [TEST_STEP][PASSED] - click(findTestObject("Object Repository/sidebar/button_sidebar")): Object: 'Object Repository/sidebar/button_sidebar' is clicked on

2024-01-07 16:47:29 - [MESSAGE][PASSED] - Object: 'Object Repository/sidebar/button_sidebar' is clicked on

2024-01-07 16:47:29 - [TEST_STEP][PASSED] - click(findTestObject("sidebar/button_new_drawal")): Object: 'Object Repository/sidebar/button_new_drawal' is clicked on

2024-01-07 16:47:30 - [MESSAGE][PASSED] - Object: 'Object Repository/sidebar/button_new_drawal' is clicked on

2024-01-07 16:47:30 - [TEST_STEP][PASSED] - setText(findTestObject("create_new_with_drawal/input_account_source"), account_name): Text ' ' is set on object 'Object Repository/create_new_with_drawal/input_account_source'

2024-01-07 16:47:31 - [MESSAGE][PASSED] - Text ' ' is set on object 'Object Repository/create_new_with_drawal/input_account_source'

2024-01-07 16:47:31 - [TEST_STEP][PASSED] - verifyElementAttributeValue(findTestObject("create_new_with_drawal/dropdown_source_account"), "class", expected_value, 0): Object 'Object Repository/create_new_with_drawal/dropdown_source_account' has attribute 'class' with value 'dropdown open'

2024-01-07 16:47:31 - [MESSAGE][WARNING] - Timeout '0' is invalid. Using default page load timeout: '30'

2024-01-07 16:47:32 - [MESSAGE][PASSED] - Object 'Object Repository/create_new_with_drawal/dropdown_source_account' has attribute 'class' with value 'dropdown open'

2024-01-07 16:47:32 - [TEST_STEP][PASSED] - closeBrowser(): Browser is closed

2024-01-07 16:47:33 - [MESSAGE][PASSED] - Browser is closed]]></system-out>
         <system-err><![CDATA[]]></system-err>
      </testcase>
      <testcase name="Test Cases/Functional/create new transaction-withdrawals/TC2_TC3_TC4" time="11.653" classname="Test Cases/Functional/create new transaction-withdrawals/TC2_TC3_TC4" status="PASSED">
         <system-out><![CDATA[2024-01-07 16:47:33 - [TEST_CASE][PASSED] - Test Cases/Functional/create new transaction-withdrawals/TC2_TC3_TC4: Test Cases/Functional/create new transaction-withdrawals/TC2_TC3_TC4

2024-01-07 16:47:33 - [TEST_STEP][PASSED] - openBrowser("https://demo.firefly-iii.org/"): Browser is opened with url: 'https://demo.firefly-iii.org/'

2024-01-07 16:47:33 - [MESSAGE][INFO] - Starting 'Chrome' driver

2024-01-07 16:47:33 - [MESSAGE][INFO] - Action delay is set to 0 milliseconds

2024-01-07 16:47:37 - [MESSAGE][PASSED] - Browser is opened with url: 'https://demo.firefly-iii.org/'

2024-01-07 16:47:37 - [TEST_STEP][PASSED] - maximizeWindow(): Current window maximized

2024-01-07 16:47:37 - [MESSAGE][PASSED] - Current window maximized

2024-01-07 16:47:37 - [TEST_STEP][PASSED] - click(findTestObject("Object Repository/login/button_login")): Object: 'Object Repository/login/button_login' is clicked on

2024-01-07 16:47:40 - [MESSAGE][PASSED] - Object: 'Object Repository/login/button_login' is clicked on

2024-01-07 16:47:40 - [TEST_STEP][PASSED] - click(findTestObject("Object Repository/sidebar/button_sidebar")): Object: 'Object Repository/sidebar/button_sidebar' is clicked on

2024-01-07 16:47:41 - [MESSAGE][PASSED] - Object: 'Object Repository/sidebar/button_sidebar' is clicked on

2024-01-07 16:47:41 - [TEST_STEP][PASSED] - click(findTestObject("sidebar/button_new_drawal")): Object: 'Object Repository/sidebar/button_new_drawal' is clicked on

2024-01-07 16:47:42 - [MESSAGE][PASSED] - Object: 'Object Repository/sidebar/button_new_drawal' is clicked on

2024-01-07 16:47:42 - [TEST_STEP][PASSED] - setText(findTestObject("create_new_with_drawal/input_account_source"), account_name): Text '' is set on object 'Object Repository/create_new_with_drawal/input_account_source'

2024-01-07 16:47:43 - [MESSAGE][PASSED] - Text '' is set on object 'Object Repository/create_new_with_drawal/input_account_source'

2024-01-07 16:47:43 - [TEST_STEP][PASSED] - verifyElementAttributeValue(findTestObject("create_new_with_drawal/dropdown_source_account"), "class", expected_value, 0): Object 'Object Repository/create_new_with_drawal/dropdown_source_account' has attribute 'class' with value 'dropdown open'

2024-01-07 16:47:43 - [MESSAGE][WARNING] - Timeout '0' is invalid. Using default page load timeout: '30'

2024-01-07 16:47:44 - [MESSAGE][PASSED] - Object 'Object Repository/create_new_with_drawal/dropdown_source_account' has attribute 'class' with value 'dropdown open'

2024-01-07 16:47:44 - [TEST_STEP][PASSED] - closeBrowser(): Browser is closed

2024-01-07 16:47:44 - [MESSAGE][PASSED] - Browser is closed]]></system-out>
         <system-err><![CDATA[]]></system-err>
      </testcase>
      <testcase name="Test Cases/Functional/create new transaction-withdrawals/TC6_TC7_TC12_TC13_TC16_TC18" time="15.055" classname="Test Cases/Functional/create new transaction-withdrawals/TC6_TC7_TC12_TC13_TC16_TC18" status="FAILED">
         <failure type="FAILED" message="Test Cases/Functional/create new transaction-withdrawals/TC6_TC7_TC12_TC13_TC16_TC18 FAILED.
Reason:
com.kms.katalon.core.exception.StepFailedException: Unable to verify text 'The transaction amount must be greater than 0.' is present  using regular expression
	at com.kms.katalon.core.webui.keyword.internal.WebUIKeywordMain.stepFailed(WebUIKeywordMain.groovy:64)
	at com.kms.katalon.core.webui.keyword.internal.WebUIKeywordMain.runKeyword(WebUIKeywordMain.groovy:26)
	at com.kms.katalon.core.webui.keyword.builtin.VerifyTextPresentKeyword.verifyTextPresent(VerifyTextPresentKeyword.groovy:83)
	at com.kms.katalon.core.webui.keyword.builtin.VerifyTextPresentKeyword.execute(VerifyTextPresentKeyword.groovy:68)
	at com.kms.katalon.core.keyword.internal.KeywordExecutor.executeKeywordForPlatform(KeywordExecutor.groovy:74)
	at com.kms.katalon.core.webui.keyword.WebUiBuiltInKeywords.verifyTextPresent(WebUiBuiltInKeywords.groovy:1723)
	at com.kms.katalon.core.webui.keyword.WebUiBuiltInKeywords$verifyTextPresent$8.call(Unknown Source)
	at TC6_TC7_TC12_TC13_TC16_TC18.run(TC6_TC7_TC12_TC13_TC16_TC18:46)
	at com.kms.katalon.core.main.ScriptEngine.run(ScriptEngine.java:194)
	at com.kms.katalon.core.main.ScriptEngine.runScriptAsRawText(ScriptEngine.java:119)
	at com.kms.katalon.core.main.TestCaseExecutor.runScript(TestCaseExecutor.java:448)
	at com.kms.katalon.core.main.TestCaseExecutor.doExecute(TestCaseExecutor.java:439)
	at com.kms.katalon.core.main.TestCaseExecutor.processExecutionPhase(TestCaseExecutor.java:418)
	at com.kms.katalon.core.main.TestCaseExecutor.accessMainPhase(TestCaseExecutor.java:410)
	at com.kms.katalon.core.main.TestCaseExecutor.execute(TestCaseExecutor.java:285)
	at com.kms.katalon.core.main.TestCaseExecutor.execute(TestCaseExecutor.java:369)
	at com.kms.katalon.core.main.TestCaseExecutor.execute(TestCaseExecutor.java:369)
	at com.kms.katalon.core.main.TestCaseExecutor.execute(TestCaseExecutor.java:369)
	at com.kms.katalon.core.common.CommonExecutor.accessTestCaseMainPhase(CommonExecutor.java:65)
	at com.kms.katalon.core.main.TestSuiteExecutor.accessTestSuiteMainPhase(TestSuiteExecutor.java:148)
	at com.kms.katalon.core.main.TestSuiteExecutor.execute(TestSuiteExecutor.java:106)
	at com.kms.katalon.core.main.TestCaseMain.startTestSuite(TestCaseMain.java:187)
	at com.kms.katalon.core.main.TestCaseMain$startTestSuite$0.call(Unknown Source)
	at TempTestSuite1704620791087.run(TempTestSuite1704620791087.groovy:36)
Caused by: com.kms.katalon.core.exception.StepFailedException: Text 'The transaction amount must be greater than 0.' is not present on page  using regular expression
	at com.kms.katalon.core.webui.keyword.internal.WebUIKeywordMain.stepFailed(WebUIKeywordMain.groovy:64)
	at com.kms.katalon.core.webui.keyword.builtin.VerifyTextPresentKeyword$_verifyTextPresent_closure1.doCall(VerifyTextPresentKeyword.groovy:79)
	at com.kms.katalon.core.webui.keyword.builtin.VerifyTextPresentKeyword$_verifyTextPresent_closure1.call(VerifyTextPresentKeyword.groovy)
	at com.kms.katalon.core.webui.keyword.internal.WebUIKeywordMain.runKeyword(WebUIKeywordMain.groovy:20)
	... 22 more
"/>
         <system-out><![CDATA[2024-01-07 16:48:34 - [TEST_CASE][FAILED] - Test Cases/Functional/create new transaction-withdrawals/TC6_TC7_TC12_TC13_TC16_TC18: Test Cases/Functional/create new transaction-withdrawals/TC6_TC7_TC12_TC13_TC16_TC18 FAILED.
Reason:
com.kms.katalon.core.exception.StepFailedException: Unable to verify text 'The transaction amount must be greater than 0.' is present  using regular expression
	at com.kms.katalon.core.webui.keyword.internal.WebUIKeywordMain.stepFailed(WebUIKeywordMain.groovy:64)
	at com.kms.katalon.core.webui.keyword.internal.WebUIKeywordMain.runKeyword(WebUIKeywordMain.groovy:26)
	at com.kms.katalon.core.webui.keyword.builtin.VerifyTextPresentKeyword.verifyTextPresent(VerifyTextPresentKeyword.groovy:83)
	at com.kms.katalon.core.webui.keyword.builtin.VerifyTextPresentKeyword.execute(VerifyTextPresentKeyword.groovy:68)
	at com.kms.katalon.core.keyword.internal.KeywordExecutor.executeKeywordForPlatform(KeywordExecutor.groovy:74)
	at com.kms.katalon.core.webui.keyword.WebUiBuiltInKeywords.verifyTextPresent(WebUiBuiltInKeywords.groovy:1723)
	at com.kms.katalon.core.webui.keyword.WebUiBuiltInKeywords$verifyTextPresent$8.call(Unknown Source)
	at TC6_TC7_TC12_TC13_TC16_TC18.run(TC6_TC7_TC12_TC13_TC16_TC18:46)
	at com.kms.katalon.core.main.ScriptEngine.run(ScriptEngine.java:194)
	at com.kms.katalon.core.main.ScriptEngine.runScriptAsRawText(ScriptEngine.java:119)
	at com.kms.katalon.core.main.TestCaseExecutor.runScript(TestCaseExecutor.java:448)
	at com.kms.katalon.core.main.TestCaseExecutor.doExecute(TestCaseExecutor.java:439)
	at com.kms.katalon.core.main.TestCaseExecutor.processExecutionPhase(TestCaseExecutor.java:418)
	at com.kms.katalon.core.main.TestCaseExecutor.accessMainPhase(TestCaseExecutor.java:410)
	at com.kms.katalon.core.main.TestCaseExecutor.execute(TestCaseExecutor.java:285)
	at com.kms.katalon.core.main.TestCaseExecutor.execute(TestCaseExecutor.java:369)
	at com.kms.katalon.core.main.TestCaseExecutor.execute(TestCaseExecutor.java:369)
	at com.kms.katalon.core.main.TestCaseExecutor.execute(TestCaseExecutor.java:369)
	at com.kms.katalon.core.common.CommonExecutor.accessTestCaseMainPhase(CommonExecutor.java:65)
	at com.kms.katalon.core.main.TestSuiteExecutor.accessTestSuiteMainPhase(TestSuiteExecutor.java:148)
	at com.kms.katalon.core.main.TestSuiteExecutor.execute(TestSuiteExecutor.java:106)
	at com.kms.katalon.core.main.TestCaseMain.startTestSuite(TestCaseMain.java:187)
	at com.kms.katalon.core.main.TestCaseMain$startTestSuite$0.call(Unknown Source)
	at TempTestSuite1704620791087.run(TempTestSuite1704620791087.groovy:36)
Caused by: com.kms.katalon.core.exception.StepFailedException: Text 'The transaction amount must be greater than 0.' is not present on page  using regular expression
	at com.kms.katalon.core.webui.keyword.internal.WebUIKeywordMain.stepFailed(WebUIKeywordMain.groovy:64)
	at com.kms.katalon.core.webui.keyword.builtin.VerifyTextPresentKeyword$_verifyTextPresent_closure1.doCall(VerifyTextPresentKeyword.groovy:79)
	at com.kms.katalon.core.webui.keyword.builtin.VerifyTextPresentKeyword$_verifyTextPresent_closure1.call(VerifyTextPresentKeyword.groovy)
	at com.kms.katalon.core.webui.keyword.internal.WebUIKeywordMain.runKeyword(WebUIKeywordMain.groovy:20)
	... 22 more


2024-01-07 16:48:34 - [TEST_STEP][PASSED] - openBrowser("https://demo.firefly-iii.org/"): Browser is opened with url: 'https://demo.firefly-iii.org/'

2024-01-07 16:48:34 - [MESSAGE][WARNING] - A browser is already opened. Closing browser and opening a new one

2024-01-07 16:48:35 - [MESSAGE][INFO] - Starting 'Chrome' driver

2024-01-07 16:48:35 - [MESSAGE][INFO] - Action delay is set to 0 milliseconds

2024-01-07 16:48:37 - [MESSAGE][PASSED] - Browser is opened with url: 'https://demo.firefly-iii.org/'

2024-01-07 16:48:37 - [TEST_STEP][PASSED] - maximizeWindow(): Current window maximized

2024-01-07 16:48:37 - [MESSAGE][PASSED] - Current window maximized

2024-01-07 16:48:37 - [TEST_STEP][PASSED] - click(findTestObject("Object Repository/login/button_login")): Object: 'Object Repository/login/button_login' is clicked on

2024-01-07 16:48:39 - [MESSAGE][PASSED] - Object: 'Object Repository/login/button_login' is clicked on

2024-01-07 16:48:39 - [TEST_STEP][PASSED] - click(findTestObject("Object Repository/sidebar/button_sidebar")): Object: 'Object Repository/sidebar/button_sidebar' is clicked on

2024-01-07 16:48:40 - [MESSAGE][PASSED] - Object: 'Object Repository/sidebar/button_sidebar' is clicked on

2024-01-07 16:48:40 - [TEST_STEP][PASSED] - click(findTestObject("sidebar/button_new_drawal")): Object: 'Object Repository/sidebar/button_new_drawal' is clicked on

2024-01-07 16:48:41 - [MESSAGE][PASSED] - Object: 'Object Repository/sidebar/button_new_drawal' is clicked on

2024-01-07 16:48:41 - [TEST_STEP][PASSED] - setText(findTestObject("create_new_with_drawal/input_description"), description): Text 'test' is set on object 'Object Repository/create_new_with_drawal/input_description'

2024-01-07 16:48:42 - [MESSAGE][PASSED] - Text 'test' is set on object 'Object Repository/create_new_with_drawal/input_description'

2024-01-07 16:48:42 - [TEST_STEP][PASSED] - setText(findTestObject("create_new_with_drawal/input_account_source"), source_account): Text 'Checking Account' is set on object 'Object Repository/create_new_with_drawal/input_account_source'

2024-01-07 16:48:43 - [MESSAGE][PASSED] - Text 'Checking Account' is set on object 'Object Repository/create_new_with_drawal/input_account_source'

2024-01-07 16:48:43 - [TEST_STEP][PASSED] - sendKeys(findTestObject("create_new_with_drawal/input_account_source"), Keys.chord(ENTER)): Keys 'ENTER + ' sent to object: 'Object Repository/create_new_with_drawal/input_account_source'

2024-01-07 16:48:44 - [MESSAGE][PASSED] - Keys 'ENTER + ' sent to object: 'Object Repository/create_new_with_drawal/input_account_source'

2024-01-07 16:48:44 - [TEST_STEP][PASSED] - setText(findTestObject("create_new_with_drawal/input_amount"), ammount): Text '-1' is set on object 'Object Repository/create_new_with_drawal/input_amount'

2024-01-07 16:48:45 - [MESSAGE][PASSED] - Text '-1' is set on object 'Object Repository/create_new_with_drawal/input_amount'

2024-01-07 16:48:45 - [TEST_STEP][PASSED] - setText(findTestObject("create_new_with_drawal/input_account_destination"), destination_account): Text 'AMEX Credit Card debt' is set on object 'Object Repository/create_new_with_drawal/input_account_destination'

2024-01-07 16:48:46 - [MESSAGE][PASSED] - Text 'AMEX Credit Card debt' is set on object 'Object Repository/create_new_with_drawal/input_account_destination'

2024-01-07 16:48:46 - [TEST_STEP][PASSED] - sendKeys(findTestObject("create_new_with_drawal/input_account_destination"), Keys.chord(ENTER)): Keys 'ENTER + ' sent to object: 'Object Repository/create_new_with_drawal/input_account_destination'

2024-01-07 16:48:47 - [MESSAGE][PASSED] - Keys 'ENTER + ' sent to object: 'Object Repository/create_new_with_drawal/input_account_destination'

2024-01-07 16:48:47 - [TEST_STEP][PASSED] - setText(findTestObject("create_new_with_drawal/input_amount_foreign_amount"), foreign_account): Text '1' is set on object 'Object Repository/create_new_with_drawal/input_amount_foreign_amount'

2024-01-07 16:48:48 - [MESSAGE][PASSED] - Text '1' is set on object 'Object Repository/create_new_with_drawal/input_amount_foreign_amount'

2024-01-07 16:48:48 - [TEST_STEP][PASSED] - click(findTestObject("create_new_with_drawal/button_Submit")): Object: 'Object Repository/create_new_with_drawal/button_Submit' is clicked on

2024-01-07 16:48:48 - [MESSAGE][PASSED] - Object: 'Object Repository/create_new_with_drawal/button_Submit' is clicked on

2024-01-07 16:48:48 - [TEST_STEP][FAILED] - verifyTextPresent(expected_message, true): Unable to verify text 'The transaction amount must be greater than 0.' is present  using regular expression (Root cause: com.kms.katalon.core.exception.StepFailedException: Unable to verify text 'The transaction amount must be greater than 0.' is present  using regular expression
	at com.kms.katalon.core.webui.keyword.internal.WebUIKeywordMain.stepFailed(WebUIKeywordMain.groovy:64)
	at com.kms.katalon.core.webui.keyword.internal.WebUIKeywordMain.runKeyword(WebUIKeywordMain.groovy:26)
	at com.kms.katalon.core.webui.keyword.builtin.VerifyTextPresentKeyword.verifyTextPresent(VerifyTextPresentKeyword.groovy:83)
	at com.kms.katalon.core.webui.keyword.builtin.VerifyTextPresentKeyword.execute(VerifyTextPresentKeyword.groovy:68)
	at com.kms.katalon.core.keyword.internal.KeywordExecutor.executeKeywordForPlatform(KeywordExecutor.groovy:74)
	at com.kms.katalon.core.webui.keyword.WebUiBuiltInKeywords.verifyTextPresent(WebUiBuiltInKeywords.groovy:1723)
	at com.kms.katalon.core.webui.keyword.WebUiBuiltInKeywords$verifyTextPresent$8.call(Unknown Source)
	at TC6_TC7_TC12_TC13_TC16_TC18.run(TC6_TC7_TC12_TC13_TC16_TC18:46)
	at com.kms.katalon.core.main.ScriptEngine.run(ScriptEngine.java:194)
	at com.kms.katalon.core.main.ScriptEngine.runScriptAsRawText(ScriptEngine.java:119)
	at com.kms.katalon.core.main.TestCaseExecutor.runScript(TestCaseExecutor.java:448)
	at com.kms.katalon.core.main.TestCaseExecutor.doExecute(TestCaseExecutor.java:439)
	at com.kms.katalon.core.main.TestCaseExecutor.processExecutionPhase(TestCaseExecutor.java:418)
	at com.kms.katalon.core.main.TestCaseExecutor.accessMainPhase(TestCaseExecutor.java:410)
	at com.kms.katalon.core.main.TestCaseExecutor.execute(TestCaseExecutor.java:285)
	at com.kms.katalon.core.main.TestCaseExecutor.execute(TestCaseExecutor.java:369)
	at com.kms.katalon.core.main.TestCaseExecutor.execute(TestCaseExecutor.java:369)
	at com.kms.katalon.core.main.TestCaseExecutor.execute(TestCaseExecutor.java:369)
	at com.kms.katalon.core.common.CommonExecutor.accessTestCaseMainPhase(CommonExecutor.java:65)
	at com.kms.katalon.core.main.TestSuiteExecutor.accessTestSuiteMainPhase(TestSuiteExecutor.java:148)
	at com.kms.katalon.core.main.TestSuiteExecutor.execute(TestSuiteExecutor.java:106)
	at com.kms.katalon.core.main.TestCaseMain.startTestSuite(TestCaseMain.java:187)
	at com.kms.katalon.core.main.TestCaseMain$startTestSuite$0.call(Unknown Source)
	at TempTestSuite1704620791087.run(TempTestSuite1704620791087.groovy:36)
Caused by: com.kms.katalon.core.exception.StepFailedException: Text 'The transaction amount must be greater than 0.' is not present on page  using regular expression
	at com.kms.katalon.core.webui.keyword.internal.WebUIKeywordMain.stepFailed(WebUIKeywordMain.groovy:64)
	at com.kms.katalon.core.webui.keyword.builtin.VerifyTextPresentKeyword$_verifyTextPresent_closure1.doCall(VerifyTextPresentKeyword.groovy:79)
	at com.kms.katalon.core.webui.keyword.builtin.VerifyTextPresentKeyword$_verifyTextPresent_closure1.call(VerifyTextPresentKeyword.groovy)
	at com.kms.katalon.core.webui.keyword.internal.WebUIKeywordMain.runKeyword(WebUIKeywordMain.groovy:20)
	... 22 more
)

2024-01-07 16:48:49 - [MESSAGE][FAILED] - Text 'The transaction amount must be greater than 0.' is not present on page  using regular expression (Root cause: com.kms.katalon.core.exception.StepFailedException: Text 'The transaction amount must be greater than 0.' is not present on page  using regular expression
	at com.kms.katalon.core.webui.keyword.internal.WebUIKeywordMain.stepFailed(WebUIKeywordMain.groovy:64)
	at com.kms.katalon.core.webui.keyword.builtin.VerifyTextPresentKeyword$_verifyTextPresent_closure1.doCall(VerifyTextPresentKeyword.groovy:79)
	at com.kms.katalon.core.webui.keyword.builtin.VerifyTextPresentKeyword$_verifyTextPresent_closure1.call(VerifyTextPresentKeyword.groovy)
	at com.kms.katalon.core.webui.keyword.internal.WebUIKeywordMain.runKeyword(WebUIKeywordMain.groovy:20)
	at com.kms.katalon.core.webui.keyword.builtin.VerifyTextPresentKeyword.verifyTextPresent(VerifyTextPresentKeyword.groovy:83)
	at com.kms.katalon.core.webui.keyword.builtin.VerifyTextPresentKeyword.execute(VerifyTextPresentKeyword.groovy:68)
	at com.kms.katalon.core.keyword.internal.KeywordExecutor.executeKeywordForPlatform(KeywordExecutor.groovy:74)
	at com.kms.katalon.core.webui.keyword.WebUiBuiltInKeywords.verifyTextPresent(WebUiBuiltInKeywords.groovy:1723)
	at com.kms.katalon.core.webui.keyword.WebUiBuiltInKeywords$verifyTextPresent$8.call(Unknown Source)
	at TC6_TC7_TC12_TC13_TC16_TC18.run(TC6_TC7_TC12_TC13_TC16_TC18:46)
	at com.kms.katalon.core.main.ScriptEngine.run(ScriptEngine.java:194)
	at com.kms.katalon.core.main.ScriptEngine.runScriptAsRawText(ScriptEngine.java:119)
	at com.kms.katalon.core.main.TestCaseExecutor.runScript(TestCaseExecutor.java:448)
	at com.kms.katalon.core.main.TestCaseExecutor.doExecute(TestCaseExecutor.java:439)
	at com.kms.katalon.core.main.TestCaseExecutor.processExecutionPhase(TestCaseExecutor.java:418)
	at com.kms.katalon.core.main.TestCaseExecutor.accessMainPhase(TestCaseExecutor.java:410)
	at com.kms.katalon.core.main.TestCaseExecutor.execute(TestCaseExecutor.java:285)
	at com.kms.katalon.core.main.TestCaseExecutor.execute(TestCaseExecutor.java:369)
	at com.kms.katalon.core.main.TestCaseExecutor.execute(TestCaseExecutor.java:369)
	at com.kms.katalon.core.main.TestCaseExecutor.execute(TestCaseExecutor.java:369)
	at com.kms.katalon.core.common.CommonExecutor.accessTestCaseMainPhase(CommonExecutor.java:65)
	at com.kms.katalon.core.main.TestSuiteExecutor.accessTestSuiteMainPhase(TestSuiteExecutor.java:148)
	at com.kms.katalon.core.main.TestSuiteExecutor.execute(TestSuiteExecutor.java:106)
	at com.kms.katalon.core.main.TestCaseMain.startTestSuite(TestCaseMain.java:187)
	at com.kms.katalon.core.main.TestCaseMain$startTestSuite$0.call(Unknown Source)
	at TempTestSuite1704620791087.run(TempTestSuite1704620791087.groovy:36)
)

2024-01-07 16:48:49 - [MESSAGE][FAILED] - Unable to verify text 'The transaction amount must be greater than 0.' is present  using regular expression (Root cause: com.kms.katalon.core.exception.StepFailedException: Unable to verify text 'The transaction amount must be greater than 0.' is present  using regular expression
	at com.kms.katalon.core.webui.keyword.internal.WebUIKeywordMain.stepFailed(WebUIKeywordMain.groovy:64)
	at com.kms.katalon.core.webui.keyword.internal.WebUIKeywordMain.runKeyword(WebUIKeywordMain.groovy:26)
	at com.kms.katalon.core.webui.keyword.builtin.VerifyTextPresentKeyword.verifyTextPresent(VerifyTextPresentKeyword.groovy:83)
	at com.kms.katalon.core.webui.keyword.builtin.VerifyTextPresentKeyword.execute(VerifyTextPresentKeyword.groovy:68)
	at com.kms.katalon.core.keyword.internal.KeywordExecutor.executeKeywordForPlatform(KeywordExecutor.groovy:74)
	at com.kms.katalon.core.webui.keyword.WebUiBuiltInKeywords.verifyTextPresent(WebUiBuiltInKeywords.groovy:1723)
	at com.kms.katalon.core.webui.keyword.WebUiBuiltInKeywords$verifyTextPresent$8.call(Unknown Source)
	at TC6_TC7_TC12_TC13_TC16_TC18.run(TC6_TC7_TC12_TC13_TC16_TC18:46)
	at com.kms.katalon.core.main.ScriptEngine.run(ScriptEngine.java:194)
	at com.kms.katalon.core.main.ScriptEngine.runScriptAsRawText(ScriptEngine.java:119)
	at com.kms.katalon.core.main.TestCaseExecutor.runScript(TestCaseExecutor.java:448)
	at com.kms.katalon.core.main.TestCaseExecutor.doExecute(TestCaseExecutor.java:439)
	at com.kms.katalon.core.main.TestCaseExecutor.processExecutionPhase(TestCaseExecutor.java:418)
	at com.kms.katalon.core.main.TestCaseExecutor.accessMainPhase(TestCaseExecutor.java:410)
	at com.kms.katalon.core.main.TestCaseExecutor.execute(TestCaseExecutor.java:285)
	at com.kms.katalon.core.main.TestCaseExecutor.execute(TestCaseExecutor.java:369)
	at com.kms.katalon.core.main.TestCaseExecutor.execute(TestCaseExecutor.java:369)
	at com.kms.katalon.core.main.TestCaseExecutor.execute(TestCaseExecutor.java:369)
	at com.kms.katalon.core.common.CommonExecutor.accessTestCaseMainPhase(CommonExecutor.java:65)
	at com.kms.katalon.core.main.TestSuiteExecutor.accessTestSuiteMainPhase(TestSuiteExecutor.java:148)
	at com.kms.katalon.core.main.TestSuiteExecutor.execute(TestSuiteExecutor.java:106)
	at com.kms.katalon.core.main.TestCaseMain.startTestSuite(TestCaseMain.java:187)
	at com.kms.katalon.core.main.TestCaseMain$startTestSuite$0.call(Unknown Source)
	at TempTestSuite1704620791087.run(TempTestSuite1704620791087.groovy:36)
Caused by: com.kms.katalon.core.exception.StepFailedException: Text 'The transaction amount must be greater than 0.' is not present on page  using regular expression
	at com.kms.katalon.core.webui.keyword.internal.WebUIKeywordMain.stepFailed(WebUIKeywordMain.groovy:64)
	at com.kms.katalon.core.webui.keyword.builtin.VerifyTextPresentKeyword$_verifyTextPresent_closure1.doCall(VerifyTextPresentKeyword.groovy:79)
	at com.kms.katalon.core.webui.keyword.builtin.VerifyTextPresentKeyword$_verifyTextPresent_closure1.call(VerifyTextPresentKeyword.groovy)
	at com.kms.katalon.core.webui.keyword.internal.WebUIKeywordMain.runKeyword(WebUIKeywordMain.groovy:20)
	... 22 more
)
[[ATTACHMENT|C:\\Users\\Thuan\\Desktop\\Workspace\\software_testing_katalon\\Reports\\20240107_164631\\Functional\\create new transaction-withdrawals\\20240107_164631\\1704620929331.png]]]]></system-out>
         <system-err><![CDATA[2024-01-07 16:48:34 - [TEST_CASE][FAILED] - Test Cases/Functional/create new transaction-withdrawals/TC6_TC7_TC12_TC13_TC16_TC18: Test Cases/Functional/create new transaction-withdrawals/TC6_TC7_TC12_TC13_TC16_TC18 FAILED.
Reason:
com.kms.katalon.core.exception.StepFailedException: Unable to verify text 'The transaction amount must be greater than 0.' is present  using regular expression
	at com.kms.katalon.core.webui.keyword.internal.WebUIKeywordMain.stepFailed(WebUIKeywordMain.groovy:64)
	at com.kms.katalon.core.webui.keyword.internal.WebUIKeywordMain.runKeyword(WebUIKeywordMain.groovy:26)
	at com.kms.katalon.core.webui.keyword.builtin.VerifyTextPresentKeyword.verifyTextPresent(VerifyTextPresentKeyword.groovy:83)
	at com.kms.katalon.core.webui.keyword.builtin.VerifyTextPresentKeyword.execute(VerifyTextPresentKeyword.groovy:68)
	at com.kms.katalon.core.keyword.internal.KeywordExecutor.executeKeywordForPlatform(KeywordExecutor.groovy:74)
	at com.kms.katalon.core.webui.keyword.WebUiBuiltInKeywords.verifyTextPresent(WebUiBuiltInKeywords.groovy:1723)
	at com.kms.katalon.core.webui.keyword.WebUiBuiltInKeywords$verifyTextPresent$8.call(Unknown Source)
	at TC6_TC7_TC12_TC13_TC16_TC18.run(TC6_TC7_TC12_TC13_TC16_TC18:46)
	at com.kms.katalon.core.main.ScriptEngine.run(ScriptEngine.java:194)
	at com.kms.katalon.core.main.ScriptEngine.runScriptAsRawText(ScriptEngine.java:119)
	at com.kms.katalon.core.main.TestCaseExecutor.runScript(TestCaseExecutor.java:448)
	at com.kms.katalon.core.main.TestCaseExecutor.doExecute(TestCaseExecutor.java:439)
	at com.kms.katalon.core.main.TestCaseExecutor.processExecutionPhase(TestCaseExecutor.java:418)
	at com.kms.katalon.core.main.TestCaseExecutor.accessMainPhase(TestCaseExecutor.java:410)
	at com.kms.katalon.core.main.TestCaseExecutor.execute(TestCaseExecutor.java:285)
	at com.kms.katalon.core.main.TestCaseExecutor.execute(TestCaseExecutor.java:369)
	at com.kms.katalon.core.main.TestCaseExecutor.execute(TestCaseExecutor.java:369)
	at com.kms.katalon.core.main.TestCaseExecutor.execute(TestCaseExecutor.java:369)
	at com.kms.katalon.core.common.CommonExecutor.accessTestCaseMainPhase(CommonExecutor.java:65)
	at com.kms.katalon.core.main.TestSuiteExecutor.accessTestSuiteMainPhase(TestSuiteExecutor.java:148)
	at com.kms.katalon.core.main.TestSuiteExecutor.execute(TestSuiteExecutor.java:106)
	at com.kms.katalon.core.main.TestCaseMain.startTestSuite(TestCaseMain.java:187)
	at com.kms.katalon.core.main.TestCaseMain$startTestSuite$0.call(Unknown Source)
	at TempTestSuite1704620791087.run(TempTestSuite1704620791087.groovy:36)
Caused by: com.kms.katalon.core.exception.StepFailedException: Text 'The transaction amount must be greater than 0.' is not present on page  using regular expression
	at com.kms.katalon.core.webui.keyword.internal.WebUIKeywordMain.stepFailed(WebUIKeywordMain.groovy:64)
	at com.kms.katalon.core.webui.keyword.builtin.VerifyTextPresentKeyword$_verifyTextPresent_closure1.doCall(VerifyTextPresentKeyword.groovy:79)
	at com.kms.katalon.core.webui.keyword.builtin.VerifyTextPresentKeyword$_verifyTextPresent_closure1.call(VerifyTextPresentKeyword.groovy)
	at com.kms.katalon.core.webui.keyword.internal.WebUIKeywordMain.runKeyword(WebUIKeywordMain.groovy:20)
	... 22 more]]></system-err>
      </testcase>
      <testcase name="Test Cases/Functional/create new transaction-withdrawals/TC6_TC7_TC12_TC13_TC16_TC18" time="19.049" classname="Test Cases/Functional/create new transaction-withdrawals/TC6_TC7_TC12_TC13_TC16_TC18" status="PASSED">
         <system-out><![CDATA[2024-01-07 16:48:49 - [TEST_CASE][PASSED] - Test Cases/Functional/create new transaction-withdrawals/TC6_TC7_TC12_TC13_TC16_TC18: Test Cases/Functional/create new transaction-withdrawals/TC6_TC7_TC12_TC13_TC16_TC18

2024-01-07 16:48:49 - [TEST_STEP][PASSED] - openBrowser("https://demo.firefly-iii.org/"): Browser is opened with url: 'https://demo.firefly-iii.org/'

2024-01-07 16:48:49 - [MESSAGE][WARNING] - A browser is already opened. Closing browser and opening a new one

2024-01-07 16:48:50 - [MESSAGE][INFO] - Starting 'Chrome' driver

2024-01-07 16:48:50 - [MESSAGE][INFO] - Action delay is set to 0 milliseconds

2024-01-07 16:48:53 - [MESSAGE][PASSED] - Browser is opened with url: 'https://demo.firefly-iii.org/'

2024-01-07 16:48:53 - [TEST_STEP][PASSED] - maximizeWindow(): Current window maximized

2024-01-07 16:48:53 - [MESSAGE][PASSED] - Current window maximized

2024-01-07 16:48:53 - [TEST_STEP][PASSED] - click(findTestObject("Object Repository/login/button_login")): Object: 'Object Repository/login/button_login' is clicked on

2024-01-07 16:48:55 - [MESSAGE][PASSED] - Object: 'Object Repository/login/button_login' is clicked on

2024-01-07 16:48:55 - [TEST_STEP][PASSED] - click(findTestObject("Object Repository/sidebar/button_sidebar")): Object: 'Object Repository/sidebar/button_sidebar' is clicked on

2024-01-07 16:48:56 - [MESSAGE][PASSED] - Object: 'Object Repository/sidebar/button_sidebar' is clicked on

2024-01-07 16:48:56 - [TEST_STEP][PASSED] - click(findTestObject("sidebar/button_new_drawal")): Object: 'Object Repository/sidebar/button_new_drawal' is clicked on

2024-01-07 16:48:59 - [MESSAGE][PASSED] - Object: 'Object Repository/sidebar/button_new_drawal' is clicked on

2024-01-07 16:48:59 - [TEST_STEP][PASSED] - setText(findTestObject("create_new_with_drawal/input_description"), description): Text 'test' is set on object 'Object Repository/create_new_with_drawal/input_description'

2024-01-07 16:49:00 - [MESSAGE][PASSED] - Text 'test' is set on object 'Object Repository/create_new_with_drawal/input_description'

2024-01-07 16:49:00 - [TEST_STEP][PASSED] - setText(findTestObject("create_new_with_drawal/input_account_source"), source_account): Text 'Checking Account' is set on object 'Object Repository/create_new_with_drawal/input_account_source'

2024-01-07 16:49:01 - [MESSAGE][PASSED] - Text 'Checking Account' is set on object 'Object Repository/create_new_with_drawal/input_account_source'

2024-01-07 16:49:01 - [TEST_STEP][PASSED] - sendKeys(findTestObject("create_new_with_drawal/input_account_source"), Keys.chord(ENTER)): Keys 'ENTER + ' sent to object: 'Object Repository/create_new_with_drawal/input_account_source'

2024-01-07 16:49:02 - [MESSAGE][PASSED] - Keys 'ENTER + ' sent to object: 'Object Repository/create_new_with_drawal/input_account_source'

2024-01-07 16:49:02 - [TEST_STEP][PASSED] - setText(findTestObject("create_new_with_drawal/input_amount"), ammount): Text '1' is set on object 'Object Repository/create_new_with_drawal/input_amount'

2024-01-07 16:49:02 - [MESSAGE][PASSED] - Text '1' is set on object 'Object Repository/create_new_with_drawal/input_amount'

2024-01-07 16:49:02 - [TEST_STEP][PASSED] - setText(findTestObject("create_new_with_drawal/input_account_destination"), destination_account): Text 'AMEX Credit Card debt' is set on object 'Object Repository/create_new_with_drawal/input_account_destination'

2024-01-07 16:49:03 - [MESSAGE][PASSED] - Text 'AMEX Credit Card debt' is set on object 'Object Repository/create_new_with_drawal/input_account_destination'

2024-01-07 16:49:03 - [TEST_STEP][PASSED] - sendKeys(findTestObject("create_new_with_drawal/input_account_destination"), Keys.chord(ENTER)): Keys 'ENTER + ' sent to object: 'Object Repository/create_new_with_drawal/input_account_destination'

2024-01-07 16:49:04 - [MESSAGE][PASSED] - Keys 'ENTER + ' sent to object: 'Object Repository/create_new_with_drawal/input_account_destination'

2024-01-07 16:49:04 - [TEST_STEP][PASSED] - setText(findTestObject("create_new_with_drawal/input_amount_foreign_amount"), foreign_account): Text '1' is set on object 'Object Repository/create_new_with_drawal/input_amount_foreign_amount'

2024-01-07 16:49:05 - [MESSAGE][PASSED] - Text '1' is set on object 'Object Repository/create_new_with_drawal/input_amount_foreign_amount'

2024-01-07 16:49:05 - [TEST_STEP][PASSED] - click(findTestObject("create_new_with_drawal/button_Submit")): Object: 'Object Repository/create_new_with_drawal/button_Submit' is clicked on

2024-01-07 16:49:05 - [MESSAGE][PASSED] - Object: 'Object Repository/create_new_with_drawal/button_Submit' is clicked on

2024-01-07 16:49:05 - [TEST_STEP][PASSED] - verifyTextPresent(expected_message, true): Text 'Success! Successfully created new transaction "([a-zA-Z]+)"' is present on page  using regular expression

2024-01-07 16:49:07 - [MESSAGE][PASSED] - Text 'Success! Successfully created new transaction "([a-zA-Z]+)"' is present on page  using regular expression

2024-01-07 16:49:07 - [TEST_STEP][PASSED] - closeBrowser(): Browser is closed

2024-01-07 16:49:08 - [MESSAGE][PASSED] - Browser is closed]]></system-out>
         <system-err><![CDATA[]]></system-err>
      </testcase>
      <testcase name="Test Cases/Functional/create new transaction-withdrawals/TC6_TC7_TC12_TC13_TC16_TC18" time="14.706" classname="Test Cases/Functional/create new transaction-withdrawals/TC6_TC7_TC12_TC13_TC16_TC18" status="PASSED">
         <system-out><![CDATA[2024-01-07 16:49:08 - [TEST_CASE][PASSED] - Test Cases/Functional/create new transaction-withdrawals/TC6_TC7_TC12_TC13_TC16_TC18: Test Cases/Functional/create new transaction-withdrawals/TC6_TC7_TC12_TC13_TC16_TC18

2024-01-07 16:49:08 - [TEST_STEP][PASSED] - openBrowser("https://demo.firefly-iii.org/"): Browser is opened with url: 'https://demo.firefly-iii.org/'

2024-01-07 16:49:08 - [MESSAGE][INFO] - Starting 'Chrome' driver

2024-01-07 16:49:08 - [MESSAGE][INFO] - Action delay is set to 0 milliseconds

2024-01-07 16:49:11 - [MESSAGE][PASSED] - Browser is opened with url: 'https://demo.firefly-iii.org/'

2024-01-07 16:49:11 - [TEST_STEP][PASSED] - maximizeWindow(): Current window maximized

2024-01-07 16:49:11 - [MESSAGE][PASSED] - Current window maximized

2024-01-07 16:49:11 - [TEST_STEP][PASSED] - click(findTestObject("Object Repository/login/button_login")): Object: 'Object Repository/login/button_login' is clicked on

2024-01-07 16:49:12 - [MESSAGE][PASSED] - Object: 'Object Repository/login/button_login' is clicked on

2024-01-07 16:49:12 - [TEST_STEP][PASSED] - click(findTestObject("Object Repository/sidebar/button_sidebar")): Object: 'Object Repository/sidebar/button_sidebar' is clicked on

2024-01-07 16:49:14 - [MESSAGE][PASSED] - Object: 'Object Repository/sidebar/button_sidebar' is clicked on

2024-01-07 16:49:14 - [TEST_STEP][PASSED] - click(findTestObject("sidebar/button_new_drawal")): Object: 'Object Repository/sidebar/button_new_drawal' is clicked on

2024-01-07 16:49:15 - [MESSAGE][PASSED] - Object: 'Object Repository/sidebar/button_new_drawal' is clicked on

2024-01-07 16:49:15 - [TEST_STEP][PASSED] - setText(findTestObject("create_new_with_drawal/input_description"), description): Text 'test' is set on object 'Object Repository/create_new_with_drawal/input_description'

2024-01-07 16:49:16 - [MESSAGE][PASSED] - Text 'test' is set on object 'Object Repository/create_new_with_drawal/input_description'

2024-01-07 16:49:16 - [TEST_STEP][PASSED] - setText(findTestObject("create_new_with_drawal/input_account_source"), source_account): Text 'Checking Account' is set on object 'Object Repository/create_new_with_drawal/input_account_source'

2024-01-07 16:49:17 - [MESSAGE][PASSED] - Text 'Checking Account' is set on object 'Object Repository/create_new_with_drawal/input_account_source'

2024-01-07 16:49:17 - [TEST_STEP][PASSED] - sendKeys(findTestObject("create_new_with_drawal/input_account_source"), Keys.chord(ENTER)): Keys 'ENTER + ' sent to object: 'Object Repository/create_new_with_drawal/input_account_source'

2024-01-07 16:49:18 - [MESSAGE][PASSED] - Keys 'ENTER + ' sent to object: 'Object Repository/create_new_with_drawal/input_account_source'

2024-01-07 16:49:18 - [TEST_STEP][PASSED] - setText(findTestObject("create_new_with_drawal/input_amount"), ammount): Text '1' is set on object 'Object Repository/create_new_with_drawal/input_amount'

2024-01-07 16:49:19 - [MESSAGE][PASSED] - Text '1' is set on object 'Object Repository/create_new_with_drawal/input_amount'

2024-01-07 16:49:19 - [TEST_STEP][PASSED] - setText(findTestObject("create_new_with_drawal/input_account_destination"), destination_account): Text 'AMEX Credit Card debt' is set on object 'Object Repository/create_new_with_drawal/input_account_destination'

2024-01-07 16:49:19 - [MESSAGE][PASSED] - Text 'AMEX Credit Card debt' is set on object 'Object Repository/create_new_with_drawal/input_account_destination'

2024-01-07 16:49:19 - [TEST_STEP][PASSED] - sendKeys(findTestObject("create_new_with_drawal/input_account_destination"), Keys.chord(ENTER)): Keys 'ENTER + ' sent to object: 'Object Repository/create_new_with_drawal/input_account_destination'

2024-01-07 16:49:20 - [MESSAGE][PASSED] - Keys 'ENTER + ' sent to object: 'Object Repository/create_new_with_drawal/input_account_destination'

2024-01-07 16:49:20 - [TEST_STEP][PASSED] - setText(findTestObject("create_new_with_drawal/input_amount_foreign_amount"), foreign_account): Text '-1' is set on object 'Object Repository/create_new_with_drawal/input_amount_foreign_amount'

2024-01-07 16:49:21 - [MESSAGE][PASSED] - Text '-1' is set on object 'Object Repository/create_new_with_drawal/input_amount_foreign_amount'

2024-01-07 16:49:21 - [TEST_STEP][PASSED] - click(findTestObject("create_new_with_drawal/button_Submit")): Object: 'Object Repository/create_new_with_drawal/button_Submit' is clicked on

2024-01-07 16:49:21 - [MESSAGE][PASSED] - Object: 'Object Repository/create_new_with_drawal/button_Submit' is clicked on

2024-01-07 16:49:21 - [TEST_STEP][PASSED] - verifyTextPresent(expected_message, true): Text 'Error! There was something wrong with your submission. Please check out the errors.' is present on page  using regular expression

2024-01-07 16:49:22 - [MESSAGE][PASSED] - Text 'Error! There was something wrong with your submission. Please check out the errors.' is present on page  using regular expression

2024-01-07 16:49:22 - [TEST_STEP][PASSED] - closeBrowser(): Browser is closed

2024-01-07 16:49:23 - [MESSAGE][PASSED] - Browser is closed]]></system-out>
         <system-err><![CDATA[]]></system-err>
      </testcase>
      <testcase name="Test Cases/Functional/create new transaction-withdrawals/TC6_TC7_TC12_TC13_TC16_TC18" time="16.45" classname="Test Cases/Functional/create new transaction-withdrawals/TC6_TC7_TC12_TC13_TC16_TC18" status="PASSED">
         <system-out><![CDATA[2024-01-07 16:49:23 - [TEST_CASE][PASSED] - Test Cases/Functional/create new transaction-withdrawals/TC6_TC7_TC12_TC13_TC16_TC18: Test Cases/Functional/create new transaction-withdrawals/TC6_TC7_TC12_TC13_TC16_TC18

2024-01-07 16:49:23 - [TEST_STEP][PASSED] - openBrowser("https://demo.firefly-iii.org/"): Browser is opened with url: 'https://demo.firefly-iii.org/'

2024-01-07 16:49:23 - [MESSAGE][INFO] - Starting 'Chrome' driver

2024-01-07 16:49:23 - [MESSAGE][INFO] - Action delay is set to 0 milliseconds

2024-01-07 16:49:25 - [MESSAGE][PASSED] - Browser is opened with url: 'https://demo.firefly-iii.org/'

2024-01-07 16:49:25 - [TEST_STEP][PASSED] - maximizeWindow(): Current window maximized

2024-01-07 16:49:26 - [MESSAGE][PASSED] - Current window maximized

2024-01-07 16:49:26 - [TEST_STEP][PASSED] - click(findTestObject("Object Repository/login/button_login")): Object: 'Object Repository/login/button_login' is clicked on

2024-01-07 16:49:27 - [MESSAGE][PASSED] - Object: 'Object Repository/login/button_login' is clicked on

2024-01-07 16:49:27 - [TEST_STEP][PASSED] - click(findTestObject("Object Repository/sidebar/button_sidebar")): Object: 'Object Repository/sidebar/button_sidebar' is clicked on

2024-01-07 16:49:28 - [MESSAGE][PASSED] - Object: 'Object Repository/sidebar/button_sidebar' is clicked on

2024-01-07 16:49:28 - [TEST_STEP][PASSED] - click(findTestObject("sidebar/button_new_drawal")): Object: 'Object Repository/sidebar/button_new_drawal' is clicked on

2024-01-07 16:49:30 - [MESSAGE][PASSED] - Object: 'Object Repository/sidebar/button_new_drawal' is clicked on

2024-01-07 16:49:30 - [TEST_STEP][PASSED] - setText(findTestObject("create_new_with_drawal/input_description"), description): Text 'test' is set on object 'Object Repository/create_new_with_drawal/input_description'

2024-01-07 16:49:31 - [MESSAGE][PASSED] - Text 'test' is set on object 'Object Repository/create_new_with_drawal/input_description'

2024-01-07 16:49:31 - [TEST_STEP][PASSED] - setText(findTestObject("create_new_with_drawal/input_account_source"), source_account): Text 'Checking Account' is set on object 'Object Repository/create_new_with_drawal/input_account_source'

2024-01-07 16:49:32 - [MESSAGE][PASSED] - Text 'Checking Account' is set on object 'Object Repository/create_new_with_drawal/input_account_source'

2024-01-07 16:49:32 - [TEST_STEP][PASSED] - sendKeys(findTestObject("create_new_with_drawal/input_account_source"), Keys.chord(ENTER)): Keys 'ENTER + ' sent to object: 'Object Repository/create_new_with_drawal/input_account_source'

2024-01-07 16:49:33 - [MESSAGE][PASSED] - Keys 'ENTER + ' sent to object: 'Object Repository/create_new_with_drawal/input_account_source'

2024-01-07 16:49:33 - [TEST_STEP][PASSED] - setText(findTestObject("create_new_with_drawal/input_amount"), ammount): Text '1' is set on object 'Object Repository/create_new_with_drawal/input_amount'

2024-01-07 16:49:34 - [MESSAGE][PASSED] - Text '1' is set on object 'Object Repository/create_new_with_drawal/input_amount'

2024-01-07 16:49:34 - [TEST_STEP][PASSED] - setText(findTestObject("create_new_with_drawal/input_account_destination"), destination_account): Text 'AMEX Credit Card debt' is set on object 'Object Repository/create_new_with_drawal/input_account_destination'

2024-01-07 16:49:34 - [MESSAGE][PASSED] - Text 'AMEX Credit Card debt' is set on object 'Object Repository/create_new_with_drawal/input_account_destination'

2024-01-07 16:49:34 - [TEST_STEP][PASSED] - sendKeys(findTestObject("create_new_with_drawal/input_account_destination"), Keys.chord(ENTER)): Keys 'ENTER + ' sent to object: 'Object Repository/create_new_with_drawal/input_account_destination'

2024-01-07 16:49:35 - [MESSAGE][PASSED] - Keys 'ENTER + ' sent to object: 'Object Repository/create_new_with_drawal/input_account_destination'

2024-01-07 16:49:35 - [TEST_STEP][PASSED] - setText(findTestObject("create_new_with_drawal/input_amount_foreign_amount"), foreign_account): Text '1' is set on object 'Object Repository/create_new_with_drawal/input_amount_foreign_amount'

2024-01-07 16:49:36 - [MESSAGE][PASSED] - Text '1' is set on object 'Object Repository/create_new_with_drawal/input_amount_foreign_amount'

2024-01-07 16:49:36 - [TEST_STEP][PASSED] - click(findTestObject("create_new_with_drawal/button_Submit")): Object: 'Object Repository/create_new_with_drawal/button_Submit' is clicked on

2024-01-07 16:49:37 - [MESSAGE][PASSED] - Object: 'Object Repository/create_new_with_drawal/button_Submit' is clicked on

2024-01-07 16:49:37 - [TEST_STEP][PASSED] - verifyTextPresent(expected_message, true): Text 'Success! Successfully created new transaction "([a-zA-Z]+)"' is present on page  using regular expression

2024-01-07 16:49:39 - [MESSAGE][PASSED] - Text 'Success! Successfully created new transaction "([a-zA-Z]+)"' is present on page  using regular expression

2024-01-07 16:49:39 - [TEST_STEP][PASSED] - closeBrowser(): Browser is closed

2024-01-07 16:49:39 - [MESSAGE][PASSED] - Browser is closed]]></system-out>
         <system-err><![CDATA[]]></system-err>
      </testcase>
      <testcase name="Test Cases/Functional/create new transaction-withdrawals/TC6_TC7_TC12_TC13_TC16_TC18" time="16.573" classname="Test Cases/Functional/create new transaction-withdrawals/TC6_TC7_TC12_TC13_TC16_TC18" status="PASSED">
         <system-out><![CDATA[2024-01-07 16:49:39 - [TEST_CASE][PASSED] - Test Cases/Functional/create new transaction-withdrawals/TC6_TC7_TC12_TC13_TC16_TC18: Test Cases/Functional/create new transaction-withdrawals/TC6_TC7_TC12_TC13_TC16_TC18

2024-01-07 16:49:39 - [TEST_STEP][PASSED] - openBrowser("https://demo.firefly-iii.org/"): Browser is opened with url: 'https://demo.firefly-iii.org/'

2024-01-07 16:49:39 - [MESSAGE][INFO] - Starting 'Chrome' driver

2024-01-07 16:49:39 - [MESSAGE][INFO] - Action delay is set to 0 milliseconds

2024-01-07 16:49:42 - [MESSAGE][PASSED] - Browser is opened with url: 'https://demo.firefly-iii.org/'

2024-01-07 16:49:42 - [TEST_STEP][PASSED] - maximizeWindow(): Current window maximized

2024-01-07 16:49:42 - [MESSAGE][PASSED] - Current window maximized

2024-01-07 16:49:42 - [TEST_STEP][PASSED] - click(findTestObject("Object Repository/login/button_login")): Object: 'Object Repository/login/button_login' is clicked on

2024-01-07 16:49:44 - [MESSAGE][PASSED] - Object: 'Object Repository/login/button_login' is clicked on

2024-01-07 16:49:44 - [TEST_STEP][PASSED] - click(findTestObject("Object Repository/sidebar/button_sidebar")): Object: 'Object Repository/sidebar/button_sidebar' is clicked on

2024-01-07 16:49:45 - [MESSAGE][PASSED] - Object: 'Object Repository/sidebar/button_sidebar' is clicked on

2024-01-07 16:49:45 - [TEST_STEP][PASSED] - click(findTestObject("sidebar/button_new_drawal")): Object: 'Object Repository/sidebar/button_new_drawal' is clicked on

2024-01-07 16:49:46 - [MESSAGE][PASSED] - Object: 'Object Repository/sidebar/button_new_drawal' is clicked on

2024-01-07 16:49:46 - [TEST_STEP][PASSED] - setText(findTestObject("create_new_with_drawal/input_description"), description): Text 'test' is set on object 'Object Repository/create_new_with_drawal/input_description'

2024-01-07 16:49:47 - [MESSAGE][PASSED] - Text 'test' is set on object 'Object Repository/create_new_with_drawal/input_description'

2024-01-07 16:49:47 - [TEST_STEP][PASSED] - setText(findTestObject("create_new_with_drawal/input_account_source"), source_account): Text 'Checking Account' is set on object 'Object Repository/create_new_with_drawal/input_account_source'

2024-01-07 16:49:48 - [MESSAGE][PASSED] - Text 'Checking Account' is set on object 'Object Repository/create_new_with_drawal/input_account_source'

2024-01-07 16:49:48 - [TEST_STEP][PASSED] - sendKeys(findTestObject("create_new_with_drawal/input_account_source"), Keys.chord(ENTER)): Keys 'ENTER + ' sent to object: 'Object Repository/create_new_with_drawal/input_account_source'

2024-01-07 16:49:49 - [MESSAGE][PASSED] - Keys 'ENTER + ' sent to object: 'Object Repository/create_new_with_drawal/input_account_source'

2024-01-07 16:49:49 - [TEST_STEP][PASSED] - setText(findTestObject("create_new_with_drawal/input_amount"), ammount): Text '1' is set on object 'Object Repository/create_new_with_drawal/input_amount'

2024-01-07 16:49:50 - [MESSAGE][PASSED] - Text '1' is set on object 'Object Repository/create_new_with_drawal/input_amount'

2024-01-07 16:49:50 - [TEST_STEP][PASSED] - setText(findTestObject("create_new_with_drawal/input_account_destination"), destination_account): Text 'AMEX Credit Card debt' is set on object 'Object Repository/create_new_with_drawal/input_account_destination'

2024-01-07 16:49:51 - [MESSAGE][PASSED] - Text 'AMEX Credit Card debt' is set on object 'Object Repository/create_new_with_drawal/input_account_destination'

2024-01-07 16:49:51 - [TEST_STEP][PASSED] - sendKeys(findTestObject("create_new_with_drawal/input_account_destination"), Keys.chord(ENTER)): Keys 'ENTER + ' sent to object: 'Object Repository/create_new_with_drawal/input_account_destination'

2024-01-07 16:49:52 - [MESSAGE][PASSED] - Keys 'ENTER + ' sent to object: 'Object Repository/create_new_with_drawal/input_account_destination'

2024-01-07 16:49:52 - [TEST_STEP][PASSED] - setText(findTestObject("create_new_with_drawal/input_amount_foreign_amount"), foreign_account): Text '1' is set on object 'Object Repository/create_new_with_drawal/input_amount_foreign_amount'

2024-01-07 16:49:53 - [MESSAGE][PASSED] - Text '1' is set on object 'Object Repository/create_new_with_drawal/input_amount_foreign_amount'

2024-01-07 16:49:53 - [TEST_STEP][PASSED] - click(findTestObject("create_new_with_drawal/button_Submit")): Object: 'Object Repository/create_new_with_drawal/button_Submit' is clicked on

2024-01-07 16:49:53 - [MESSAGE][PASSED] - Object: 'Object Repository/create_new_with_drawal/button_Submit' is clicked on

2024-01-07 16:49:53 - [TEST_STEP][PASSED] - verifyTextPresent(expected_message, true): Text 'Success! Successfully created new transaction "([a-zA-Z]+)"' is present on page  using regular expression

2024-01-07 16:49:55 - [MESSAGE][PASSED] - Text 'Success! Successfully created new transaction "([a-zA-Z]+)"' is present on page  using regular expression

2024-01-07 16:49:55 - [TEST_STEP][PASSED] - closeBrowser(): Browser is closed

2024-01-07 16:49:56 - [MESSAGE][PASSED] - Browser is closed]]></system-out>
         <system-err><![CDATA[]]></system-err>
      </testcase>
      <testcase name="Test Cases/Functional/create new transaction-withdrawals/TC6_TC7_TC12_TC13_TC16_TC18" time="15.794" classname="Test Cases/Functional/create new transaction-withdrawals/TC6_TC7_TC12_TC13_TC16_TC18" status="PASSED">
         <system-out><![CDATA[2024-01-07 16:49:56 - [TEST_CASE][PASSED] - Test Cases/Functional/create new transaction-withdrawals/TC6_TC7_TC12_TC13_TC16_TC18: Test Cases/Functional/create new transaction-withdrawals/TC6_TC7_TC12_TC13_TC16_TC18

2024-01-07 16:49:56 - [TEST_STEP][PASSED] - openBrowser("https://demo.firefly-iii.org/"): Browser is opened with url: 'https://demo.firefly-iii.org/'

2024-01-07 16:49:56 - [MESSAGE][INFO] - Starting 'Chrome' driver

2024-01-07 16:49:56 - [MESSAGE][INFO] - Action delay is set to 0 milliseconds

2024-01-07 16:49:59 - [MESSAGE][PASSED] - Browser is opened with url: 'https://demo.firefly-iii.org/'

2024-01-07 16:49:59 - [TEST_STEP][PASSED] - maximizeWindow(): Current window maximized

2024-01-07 16:49:59 - [MESSAGE][PASSED] - Current window maximized

2024-01-07 16:49:59 - [TEST_STEP][PASSED] - click(findTestObject("Object Repository/login/button_login")): Object: 'Object Repository/login/button_login' is clicked on

2024-01-07 16:50:01 - [MESSAGE][PASSED] - Object: 'Object Repository/login/button_login' is clicked on

2024-01-07 16:50:01 - [TEST_STEP][PASSED] - click(findTestObject("Object Repository/sidebar/button_sidebar")): Object: 'Object Repository/sidebar/button_sidebar' is clicked on

2024-01-07 16:50:02 - [MESSAGE][PASSED] - Object: 'Object Repository/sidebar/button_sidebar' is clicked on

2024-01-07 16:50:02 - [TEST_STEP][PASSED] - click(findTestObject("sidebar/button_new_drawal")): Object: 'Object Repository/sidebar/button_new_drawal' is clicked on

2024-01-07 16:50:03 - [MESSAGE][PASSED] - Object: 'Object Repository/sidebar/button_new_drawal' is clicked on

2024-01-07 16:50:03 - [TEST_STEP][PASSED] - setText(findTestObject("create_new_with_drawal/input_description"), description): Text 'test' is set on object 'Object Repository/create_new_with_drawal/input_description'

2024-01-07 16:50:05 - [MESSAGE][PASSED] - Text 'test' is set on object 'Object Repository/create_new_with_drawal/input_description'

2024-01-07 16:50:05 - [TEST_STEP][PASSED] - setText(findTestObject("create_new_with_drawal/input_account_source"), source_account): Text 'Checking Account' is set on object 'Object Repository/create_new_with_drawal/input_account_source'

2024-01-07 16:50:06 - [MESSAGE][PASSED] - Text 'Checking Account' is set on object 'Object Repository/create_new_with_drawal/input_account_source'

2024-01-07 16:50:06 - [TEST_STEP][PASSED] - sendKeys(findTestObject("create_new_with_drawal/input_account_source"), Keys.chord(ENTER)): Keys 'ENTER + ' sent to object: 'Object Repository/create_new_with_drawal/input_account_source'

2024-01-07 16:50:07 - [MESSAGE][PASSED] - Keys 'ENTER + ' sent to object: 'Object Repository/create_new_with_drawal/input_account_source'

2024-01-07 16:50:07 - [TEST_STEP][PASSED] - setText(findTestObject("create_new_with_drawal/input_amount"), ammount): Text '1' is set on object 'Object Repository/create_new_with_drawal/input_amount'

2024-01-07 16:50:07 - [MESSAGE][PASSED] - Text '1' is set on object 'Object Repository/create_new_with_drawal/input_amount'

2024-01-07 16:50:07 - [TEST_STEP][PASSED] - setText(findTestObject("create_new_with_drawal/input_account_destination"), destination_account): Text 'Checking Account' is set on object 'Object Repository/create_new_with_drawal/input_account_destination'

2024-01-07 16:50:08 - [MESSAGE][PASSED] - Text 'Checking Account' is set on object 'Object Repository/create_new_with_drawal/input_account_destination'

2024-01-07 16:50:08 - [TEST_STEP][PASSED] - sendKeys(findTestObject("create_new_with_drawal/input_account_destination"), Keys.chord(ENTER)): Keys 'ENTER + ' sent to object: 'Object Repository/create_new_with_drawal/input_account_destination'

2024-01-07 16:50:09 - [MESSAGE][PASSED] - Keys 'ENTER + ' sent to object: 'Object Repository/create_new_with_drawal/input_account_destination'

2024-01-07 16:50:09 - [TEST_STEP][PASSED] - setText(findTestObject("create_new_with_drawal/input_amount_foreign_amount"), foreign_account): Text '1' is set on object 'Object Repository/create_new_with_drawal/input_amount_foreign_amount'

2024-01-07 16:50:10 - [MESSAGE][PASSED] - Text '1' is set on object 'Object Repository/create_new_with_drawal/input_amount_foreign_amount'

2024-01-07 16:50:10 - [TEST_STEP][PASSED] - click(findTestObject("create_new_with_drawal/button_Submit")): Object: 'Object Repository/create_new_with_drawal/button_Submit' is clicked on

2024-01-07 16:50:10 - [MESSAGE][PASSED] - Object: 'Object Repository/create_new_with_drawal/button_Submit' is clicked on

2024-01-07 16:50:10 - [TEST_STEP][PASSED] - verifyTextPresent(expected_message, true): Text 'Source and destination are the same.' is present on page  using regular expression

2024-01-07 16:50:11 - [MESSAGE][PASSED] - Text 'Source and destination are the same.' is present on page  using regular expression

2024-01-07 16:50:11 - [TEST_STEP][PASSED] - closeBrowser(): Browser is closed

2024-01-07 16:50:12 - [MESSAGE][PASSED] - Browser is closed]]></system-out>
         <system-err><![CDATA[]]></system-err>
      </testcase>
      <testcase name="Test Cases/Functional/create new transaction-withdrawals/TC8_TC9_TC10" time="10.575" classname="Test Cases/Functional/create new transaction-withdrawals/TC8_TC9_TC10" status="PASSED">
         <system-out><![CDATA[2024-01-07 16:50:12 - [TEST_CASE][PASSED] - Test Cases/Functional/create new transaction-withdrawals/TC8_TC9_TC10: Test Cases/Functional/create new transaction-withdrawals/TC8_TC9_TC10

2024-01-07 16:50:12 - [TEST_STEP][PASSED] - openBrowser("https://demo.firefly-iii.org/"): Browser is opened with url: 'https://demo.firefly-iii.org/'

2024-01-07 16:50:12 - [MESSAGE][INFO] - Starting 'Chrome' driver

2024-01-07 16:50:12 - [MESSAGE][INFO] - Action delay is set to 0 milliseconds

2024-01-07 16:50:15 - [MESSAGE][PASSED] - Browser is opened with url: 'https://demo.firefly-iii.org/'

2024-01-07 16:50:15 - [TEST_STEP][PASSED] - maximizeWindow(): Current window maximized

2024-01-07 16:50:15 - [MESSAGE][PASSED] - Current window maximized

2024-01-07 16:50:15 - [TEST_STEP][PASSED] - click(findTestObject("Object Repository/login/button_login")): Object: 'Object Repository/login/button_login' is clicked on

2024-01-07 16:50:17 - [MESSAGE][PASSED] - Object: 'Object Repository/login/button_login' is clicked on

2024-01-07 16:50:17 - [TEST_STEP][PASSED] - click(findTestObject("Object Repository/sidebar/button_sidebar")): Object: 'Object Repository/sidebar/button_sidebar' is clicked on

2024-01-07 16:50:18 - [MESSAGE][PASSED] - Object: 'Object Repository/sidebar/button_sidebar' is clicked on

2024-01-07 16:50:18 - [TEST_STEP][PASSED] - click(findTestObject("sidebar/button_new_drawal")): Object: 'Object Repository/sidebar/button_new_drawal' is clicked on

2024-01-07 16:50:19 - [MESSAGE][PASSED] - Object: 'Object Repository/sidebar/button_new_drawal' is clicked on

2024-01-07 16:50:19 - [TEST_STEP][PASSED] - setText(findTestObject("create_new_with_drawal/input_account_destination"), account_name): Text 'Checking Account' is set on object 'Object Repository/create_new_with_drawal/input_account_destination'

2024-01-07 16:50:20 - [MESSAGE][PASSED] - Text 'Checking Account' is set on object 'Object Repository/create_new_with_drawal/input_account_destination'

2024-01-07 16:50:20 - [TEST_STEP][PASSED] - delay(1): Delayed 1 second(s)

2024-01-07 16:50:21 - [MESSAGE][PASSED] - Delayed 1 second(s)

2024-01-07 16:50:21 - [TEST_STEP][PASSED] - verifyElementAttributeValue(findTestObject("create_new_with_drawal/dropdown_destination_account"), "class", expected_value, 0): Object 'Object Repository/create_new_with_drawal/dropdown_destination_account' has attribute 'class' with value 'dropdown open'

2024-01-07 16:50:22 - [MESSAGE][WARNING] - Timeout '0' is invalid. Using default page load timeout: '30'

2024-01-07 16:50:22 - [MESSAGE][PASSED] - Object 'Object Repository/create_new_with_drawal/dropdown_destination_account' has attribute 'class' with value 'dropdown open'

2024-01-07 16:50:22 - [TEST_STEP][PASSED] - closeBrowser(): Browser is closed

2024-01-07 16:50:23 - [MESSAGE][PASSED] - Browser is closed]]></system-out>
         <system-err><![CDATA[]]></system-err>
      </testcase>
      <testcase name="Test Cases/Functional/create new transaction-withdrawals/TC8_TC9_TC10" time="10.291" classname="Test Cases/Functional/create new transaction-withdrawals/TC8_TC9_TC10" status="PASSED">
         <system-out><![CDATA[2024-01-07 16:50:23 - [TEST_CASE][PASSED] - Test Cases/Functional/create new transaction-withdrawals/TC8_TC9_TC10: Test Cases/Functional/create new transaction-withdrawals/TC8_TC9_TC10

2024-01-07 16:50:23 - [TEST_STEP][PASSED] - openBrowser("https://demo.firefly-iii.org/"): Browser is opened with url: 'https://demo.firefly-iii.org/'

2024-01-07 16:50:23 - [MESSAGE][INFO] - Starting 'Chrome' driver

2024-01-07 16:50:23 - [MESSAGE][INFO] - Action delay is set to 0 milliseconds

2024-01-07 16:50:25 - [MESSAGE][PASSED] - Browser is opened with url: 'https://demo.firefly-iii.org/'

2024-01-07 16:50:25 - [TEST_STEP][PASSED] - maximizeWindow(): Current window maximized

2024-01-07 16:50:26 - [MESSAGE][PASSED] - Current window maximized

2024-01-07 16:50:26 - [TEST_STEP][PASSED] - click(findTestObject("Object Repository/login/button_login")): Object: 'Object Repository/login/button_login' is clicked on

2024-01-07 16:50:27 - [MESSAGE][PASSED] - Object: 'Object Repository/login/button_login' is clicked on

2024-01-07 16:50:27 - [TEST_STEP][PASSED] - click(findTestObject("Object Repository/sidebar/button_sidebar")): Object: 'Object Repository/sidebar/button_sidebar' is clicked on

2024-01-07 16:50:28 - [MESSAGE][PASSED] - Object: 'Object Repository/sidebar/button_sidebar' is clicked on

2024-01-07 16:50:28 - [TEST_STEP][PASSED] - click(findTestObject("sidebar/button_new_drawal")): Object: 'Object Repository/sidebar/button_new_drawal' is clicked on

2024-01-07 16:50:30 - [MESSAGE][PASSED] - Object: 'Object Repository/sidebar/button_new_drawal' is clicked on

2024-01-07 16:50:30 - [TEST_STEP][PASSED] - setText(findTestObject("create_new_with_drawal/input_account_destination"), account_name): Text 'The house' is set on object 'Object Repository/create_new_with_drawal/input_account_destination'

2024-01-07 16:50:31 - [MESSAGE][PASSED] - Text 'The house' is set on object 'Object Repository/create_new_with_drawal/input_account_destination'

2024-01-07 16:50:31 - [TEST_STEP][PASSED] - delay(1): Delayed 1 second(s)

2024-01-07 16:50:32 - [MESSAGE][PASSED] - Delayed 1 second(s)

2024-01-07 16:50:32 - [TEST_STEP][PASSED] - verifyElementAttributeValue(findTestObject("create_new_with_drawal/dropdown_destination_account"), "class", expected_value, 0): Object 'Object Repository/create_new_with_drawal/dropdown_destination_account' has attribute 'class' with value 'dropdown open'

2024-01-07 16:50:32 - [MESSAGE][WARNING] - Timeout '0' is invalid. Using default page load timeout: '30'

2024-01-07 16:50:32 - [MESSAGE][PASSED] - Object 'Object Repository/create_new_with_drawal/dropdown_destination_account' has attribute 'class' with value 'dropdown open'

2024-01-07 16:50:32 - [TEST_STEP][PASSED] - closeBrowser(): Browser is closed

2024-01-07 16:50:33 - [MESSAGE][PASSED] - Browser is closed]]></system-out>
         <system-err><![CDATA[]]></system-err>
      </testcase>
      <testcase name="Test Cases/Functional/create new transaction-withdrawals/TC8_TC9_TC10" time="11.33" classname="Test Cases/Functional/create new transaction-withdrawals/TC8_TC9_TC10" status="PASSED">
         <system-out><![CDATA[2024-01-07 16:50:33 - [TEST_CASE][PASSED] - Test Cases/Functional/create new transaction-withdrawals/TC8_TC9_TC10: Test Cases/Functional/create new transaction-withdrawals/TC8_TC9_TC10

2024-01-07 16:50:33 - [TEST_STEP][PASSED] - openBrowser("https://demo.firefly-iii.org/"): Browser is opened with url: 'https://demo.firefly-iii.org/'

2024-01-07 16:50:33 - [MESSAGE][INFO] - Starting 'Chrome' driver

2024-01-07 16:50:33 - [MESSAGE][INFO] - Action delay is set to 0 milliseconds

2024-01-07 16:50:36 - [MESSAGE][PASSED] - Browser is opened with url: 'https://demo.firefly-iii.org/'

2024-01-07 16:50:36 - [TEST_STEP][PASSED] - maximizeWindow(): Current window maximized

2024-01-07 16:50:37 - [MESSAGE][PASSED] - Current window maximized

2024-01-07 16:50:37 - [TEST_STEP][PASSED] - click(findTestObject("Object Repository/login/button_login")): Object: 'Object Repository/login/button_login' is clicked on

2024-01-07 16:50:39 - [MESSAGE][PASSED] - Object: 'Object Repository/login/button_login' is clicked on

2024-01-07 16:50:39 - [TEST_STEP][PASSED] - click(findTestObject("Object Repository/sidebar/button_sidebar")): Object: 'Object Repository/sidebar/button_sidebar' is clicked on

2024-01-07 16:50:40 - [MESSAGE][PASSED] - Object: 'Object Repository/sidebar/button_sidebar' is clicked on

2024-01-07 16:50:40 - [TEST_STEP][PASSED] - click(findTestObject("sidebar/button_new_drawal")): Object: 'Object Repository/sidebar/button_new_drawal' is clicked on

2024-01-07 16:50:41 - [MESSAGE][PASSED] - Object: 'Object Repository/sidebar/button_new_drawal' is clicked on

2024-01-07 16:50:41 - [TEST_STEP][PASSED] - setText(findTestObject("create_new_with_drawal/input_account_destination"), account_name): Text 'asdsadasdsadasdasdcasdasd' is set on object 'Object Repository/create_new_with_drawal/input_account_destination'

2024-01-07 16:50:42 - [MESSAGE][PASSED] - Text 'asdsadasdsadasdasdcasdasd' is set on object 'Object Repository/create_new_with_drawal/input_account_destination'

2024-01-07 16:50:42 - [TEST_STEP][PASSED] - delay(1): Delayed 1 second(s)

2024-01-07 16:50:43 - [MESSAGE][PASSED] - Delayed 1 second(s)

2024-01-07 16:50:43 - [TEST_STEP][PASSED] - verifyElementAttributeValue(findTestObject("create_new_with_drawal/dropdown_destination_account"), "class", expected_value, 0): Object 'Object Repository/create_new_with_drawal/dropdown_destination_account' has attribute 'class' with value 'dropdown'

2024-01-07 16:50:43 - [MESSAGE][WARNING] - Timeout '0' is invalid. Using default page load timeout: '30'

2024-01-07 16:50:43 - [MESSAGE][PASSED] - Object 'Object Repository/create_new_with_drawal/dropdown_destination_account' has attribute 'class' with value 'dropdown'

2024-01-07 16:50:43 - [TEST_STEP][PASSED] - closeBrowser(): Browser is closed

2024-01-07 16:50:44 - [MESSAGE][PASSED] - Browser is closed]]></system-out>
         <system-err><![CDATA[]]></system-err>
      </testcase>
      <testcase name="Test Cases/Functional/create new transaction-withdrawals/TC8_TC9_TC10" time="9.94" classname="Test Cases/Functional/create new transaction-withdrawals/TC8_TC9_TC10" status="PASSED">
         <system-out><![CDATA[2024-01-07 16:50:44 - [TEST_CASE][PASSED] - Test Cases/Functional/create new transaction-withdrawals/TC8_TC9_TC10: Test Cases/Functional/create new transaction-withdrawals/TC8_TC9_TC10

2024-01-07 16:50:44 - [TEST_STEP][PASSED] - openBrowser("https://demo.firefly-iii.org/"): Browser is opened with url: 'https://demo.firefly-iii.org/'

2024-01-07 16:50:44 - [MESSAGE][INFO] - Starting 'Chrome' driver

2024-01-07 16:50:44 - [MESSAGE][INFO] - Action delay is set to 0 milliseconds

2024-01-07 16:50:47 - [MESSAGE][PASSED] - Browser is opened with url: 'https://demo.firefly-iii.org/'

2024-01-07 16:50:47 - [TEST_STEP][PASSED] - maximizeWindow(): Current window maximized

2024-01-07 16:50:47 - [MESSAGE][PASSED] - Current window maximized

2024-01-07 16:50:47 - [TEST_STEP][PASSED] - click(findTestObject("Object Repository/login/button_login")): Object: 'Object Repository/login/button_login' is clicked on

2024-01-07 16:50:49 - [MESSAGE][PASSED] - Object: 'Object Repository/login/button_login' is clicked on

2024-01-07 16:50:49 - [TEST_STEP][PASSED] - click(findTestObject("Object Repository/sidebar/button_sidebar")): Object: 'Object Repository/sidebar/button_sidebar' is clicked on

2024-01-07 16:50:50 - [MESSAGE][PASSED] - Object: 'Object Repository/sidebar/button_sidebar' is clicked on

2024-01-07 16:50:50 - [TEST_STEP][PASSED] - click(findTestObject("sidebar/button_new_drawal")): Object: 'Object Repository/sidebar/button_new_drawal' is clicked on

2024-01-07 16:50:51 - [MESSAGE][PASSED] - Object: 'Object Repository/sidebar/button_new_drawal' is clicked on

2024-01-07 16:50:51 - [TEST_STEP][PASSED] - setText(findTestObject("create_new_with_drawal/input_account_destination"), account_name): Text ' ' is set on object 'Object Repository/create_new_with_drawal/input_account_destination'

2024-01-07 16:50:52 - [MESSAGE][PASSED] - Text ' ' is set on object 'Object Repository/create_new_with_drawal/input_account_destination'

2024-01-07 16:50:52 - [TEST_STEP][PASSED] - delay(1): Delayed 1 second(s)

2024-01-07 16:50:53 - [MESSAGE][PASSED] - Delayed 1 second(s)

2024-01-07 16:50:53 - [TEST_STEP][PASSED] - verifyElementAttributeValue(findTestObject("create_new_with_drawal/dropdown_destination_account"), "class", expected_value, 0): Object 'Object Repository/create_new_with_drawal/dropdown_destination_account' has attribute 'class' with value 'dropdown open'

2024-01-07 16:50:53 - [MESSAGE][WARNING] - Timeout '0' is invalid. Using default page load timeout: '30'

2024-01-07 16:50:53 - [MESSAGE][PASSED] - Object 'Object Repository/create_new_with_drawal/dropdown_destination_account' has attribute 'class' with value 'dropdown open'

2024-01-07 16:50:53 - [TEST_STEP][PASSED] - closeBrowser(): Browser is closed

2024-01-07 16:50:54 - [MESSAGE][PASSED] - Browser is closed]]></system-out>
         <system-err><![CDATA[]]></system-err>
      </testcase>
      <testcase name="Test Cases/Functional/create new transaction-withdrawals/TC8_TC9_TC10" time="10.261" classname="Test Cases/Functional/create new transaction-withdrawals/TC8_TC9_TC10" status="PASSED">
         <system-out><![CDATA[2024-01-07 16:50:54 - [TEST_CASE][PASSED] - Test Cases/Functional/create new transaction-withdrawals/TC8_TC9_TC10: Test Cases/Functional/create new transaction-withdrawals/TC8_TC9_TC10

2024-01-07 16:50:54 - [TEST_STEP][PASSED] - openBrowser("https://demo.firefly-iii.org/"): Browser is opened with url: 'https://demo.firefly-iii.org/'

2024-01-07 16:50:54 - [MESSAGE][INFO] - Starting 'Chrome' driver

2024-01-07 16:50:54 - [MESSAGE][INFO] - Action delay is set to 0 milliseconds

2024-01-07 16:50:57 - [MESSAGE][PASSED] - Browser is opened with url: 'https://demo.firefly-iii.org/'

2024-01-07 16:50:57 - [TEST_STEP][PASSED] - maximizeWindow(): Current window maximized

2024-01-07 16:50:57 - [MESSAGE][PASSED] - Current window maximized

2024-01-07 16:50:57 - [TEST_STEP][PASSED] - click(findTestObject("Object Repository/login/button_login")): Object: 'Object Repository/login/button_login' is clicked on

2024-01-07 16:50:59 - [MESSAGE][PASSED] - Object: 'Object Repository/login/button_login' is clicked on

2024-01-07 16:50:59 - [TEST_STEP][PASSED] - click(findTestObject("Object Repository/sidebar/button_sidebar")): Object: 'Object Repository/sidebar/button_sidebar' is clicked on

2024-01-07 16:51:00 - [MESSAGE][PASSED] - Object: 'Object Repository/sidebar/button_sidebar' is clicked on

2024-01-07 16:51:00 - [TEST_STEP][PASSED] - click(findTestObject("sidebar/button_new_drawal")): Object: 'Object Repository/sidebar/button_new_drawal' is clicked on

2024-01-07 16:51:01 - [MESSAGE][PASSED] - Object: 'Object Repository/sidebar/button_new_drawal' is clicked on

2024-01-07 16:51:01 - [TEST_STEP][PASSED] - setText(findTestObject("create_new_with_drawal/input_account_destination"), account_name): Text '' is set on object 'Object Repository/create_new_with_drawal/input_account_destination'

2024-01-07 16:51:02 - [MESSAGE][PASSED] - Text '' is set on object 'Object Repository/create_new_with_drawal/input_account_destination'

2024-01-07 16:51:02 - [TEST_STEP][PASSED] - delay(1): Delayed 1 second(s)

2024-01-07 16:51:03 - [MESSAGE][PASSED] - Delayed 1 second(s)

2024-01-07 16:51:03 - [TEST_STEP][PASSED] - verifyElementAttributeValue(findTestObject("create_new_with_drawal/dropdown_destination_account"), "class", expected_value, 0): Object 'Object Repository/create_new_with_drawal/dropdown_destination_account' has attribute 'class' with value 'dropdown open'

2024-01-07 16:51:03 - [MESSAGE][WARNING] - Timeout '0' is invalid. Using default page load timeout: '30'

2024-01-07 16:51:04 - [MESSAGE][PASSED] - Object 'Object Repository/create_new_with_drawal/dropdown_destination_account' has attribute 'class' with value 'dropdown open'

2024-01-07 16:51:04 - [TEST_STEP][PASSED] - closeBrowser(): Browser is closed

2024-01-07 16:51:04 - [MESSAGE][PASSED] - Browser is closed]]></system-out>
         <system-err><![CDATA[]]></system-err>
      </testcase>
      <testcase name="Test Cases/Functional/create new transaction-withdrawals/TC15" time="13.321" classname="Test Cases/Functional/create new transaction-withdrawals/TC15" status="PASSED">
         <system-out><![CDATA[2024-01-07 16:51:04 - [TEST_CASE][PASSED] - Test Cases/Functional/create new transaction-withdrawals/TC15: Test Cases/Functional/create new transaction-withdrawals/TC15

2024-01-07 16:51:05 - [TEST_STEP][PASSED] - openBrowser("https://demo.firefly-iii.org/"): Browser is opened with url: 'https://demo.firefly-iii.org/'

2024-01-07 16:51:05 - [MESSAGE][INFO] - Starting 'Chrome' driver

2024-01-07 16:51:05 - [MESSAGE][INFO] - Action delay is set to 0 milliseconds

2024-01-07 16:51:09 - [MESSAGE][PASSED] - Browser is opened with url: 'https://demo.firefly-iii.org/'

2024-01-07 16:51:09 - [TEST_STEP][PASSED] - maximizeWindow(): Current window maximized

2024-01-07 16:51:09 - [MESSAGE][PASSED] - Current window maximized

2024-01-07 16:51:09 - [TEST_STEP][PASSED] - click(findTestObject("Object Repository/login/button_login")): Object: 'Object Repository/login/button_login' is clicked on

2024-01-07 16:51:11 - [MESSAGE][PASSED] - Object: 'Object Repository/login/button_login' is clicked on

2024-01-07 16:51:11 - [TEST_STEP][PASSED] - click(findTestObject("Object Repository/sidebar/button_sidebar")): Object: 'Object Repository/sidebar/button_sidebar' is clicked on

2024-01-07 16:51:12 - [MESSAGE][PASSED] - Object: 'Object Repository/sidebar/button_sidebar' is clicked on

2024-01-07 16:51:12 - [TEST_STEP][PASSED] - click(findTestObject("sidebar/button_new_drawal")): Object: 'Object Repository/sidebar/button_new_drawal' is clicked on

2024-01-07 16:51:13 - [MESSAGE][PASSED] - Object: 'Object Repository/sidebar/button_new_drawal' is clicked on

2024-01-07 16:51:13 - [TEST_STEP][PASSED] - click(findTestObject("create_new_with_drawal/input_date")): Object: 'Object Repository/create_new_with_drawal/input_date' is clicked on

2024-01-07 16:51:14 - [MESSAGE][PASSED] - Object: 'Object Repository/create_new_with_drawal/input_date' is clicked on

2024-01-07 16:51:14 - [TEST_STEP][PASSED] - sendKeys(findTestObject("create_new_with_drawal/input_date"), month): Keys '12' sent to object: 'Object Repository/create_new_with_drawal/input_date'

2024-01-07 16:51:14 - [MESSAGE][PASSED] - Keys '12' sent to object: 'Object Repository/create_new_with_drawal/input_date'

2024-01-07 16:51:14 - [TEST_STEP][PASSED] - sendKeys(findTestObject("create_new_with_drawal/input_date"), day): Keys '15' sent to object: 'Object Repository/create_new_with_drawal/input_date'

2024-01-07 16:51:15 - [MESSAGE][PASSED] - Keys '15' sent to object: 'Object Repository/create_new_with_drawal/input_date'

2024-01-07 16:51:15 - [TEST_STEP][PASSED] - sendKeys(findTestObject("create_new_with_drawal/input_date"), year): Keys '2023' sent to object: 'Object Repository/create_new_with_drawal/input_date'

2024-01-07 16:51:15 - [MESSAGE][PASSED] - Keys '2023' sent to object: 'Object Repository/create_new_with_drawal/input_date'

2024-01-07 16:51:15 - [TEST_STEP][PASSED] - sendKeys(findTestObject("create_new_with_drawal/input_date"), Keys.chord(RIGHT)): Keys 'RIGHT + ' sent to object: 'Object Repository/create_new_with_drawal/input_date'

2024-01-07 16:51:16 - [MESSAGE][PASSED] - Keys 'RIGHT + ' sent to object: 'Object Repository/create_new_with_drawal/input_date'

2024-01-07 16:51:16 - [TEST_STEP][PASSED] - sendKeys(findTestObject("create_new_with_drawal/input_date"), hour): Keys '16' sent to object: 'Object Repository/create_new_with_drawal/input_date'

2024-01-07 16:51:16 - [MESSAGE][PASSED] - Keys '16' sent to object: 'Object Repository/create_new_with_drawal/input_date'

2024-01-07 16:51:16 - [TEST_STEP][PASSED] - sendKeys(findTestObject("create_new_with_drawal/input_date"), minute): Keys '20' sent to object: 'Object Repository/create_new_with_drawal/input_date'

2024-01-07 16:51:16 - [MESSAGE][PASSED] - Keys '20' sent to object: 'Object Repository/create_new_with_drawal/input_date'

2024-01-07 16:51:16 - [TEST_STEP][PASSED] - sendKeys(findTestObject("create_new_with_drawal/input_date"), am_pm): Keys 'PM' sent to object: 'Object Repository/create_new_with_drawal/input_date'

2024-01-07 16:51:17 - [MESSAGE][PASSED] - Keys 'PM' sent to object: 'Object Repository/create_new_with_drawal/input_date'

2024-01-07 16:51:17 - [TEST_STEP][PASSED] - verifyElementAttributeValue(findTestObject("create_new_with_drawal/input_date"), "value", expected_result, 0): Object 'Object Repository/create_new_with_drawal/input_date' has attribute 'value' with value '2023-12-15T16:20'

2024-01-07 16:51:17 - [MESSAGE][WARNING] - Timeout '0' is invalid. Using default page load timeout: '30'

2024-01-07 16:51:17 - [MESSAGE][PASSED] - Object 'Object Repository/create_new_with_drawal/input_date' has attribute 'value' with value '2023-12-15T16:20'

2024-01-07 16:51:17 - [TEST_STEP][PASSED] - closeBrowser(): Browser is closed

2024-01-07 16:51:18 - [MESSAGE][PASSED] - Browser is closed]]></system-out>
         <system-err><![CDATA[]]></system-err>
      </testcase>
      <testcase name="Test Cases/Functional/create new transaction-withdrawals/TC15" time="11.59" classname="Test Cases/Functional/create new transaction-withdrawals/TC15" status="PASSED">
         <system-out><![CDATA[2024-01-07 16:51:18 - [TEST_CASE][PASSED] - Test Cases/Functional/create new transaction-withdrawals/TC15: Test Cases/Functional/create new transaction-withdrawals/TC15

2024-01-07 16:51:18 - [TEST_STEP][PASSED] - openBrowser("https://demo.firefly-iii.org/"): Browser is opened with url: 'https://demo.firefly-iii.org/'

2024-01-07 16:51:18 - [MESSAGE][INFO] - Starting 'Chrome' driver

2024-01-07 16:51:18 - [MESSAGE][INFO] - Action delay is set to 0 milliseconds

2024-01-07 16:51:21 - [MESSAGE][PASSED] - Browser is opened with url: 'https://demo.firefly-iii.org/'

2024-01-07 16:51:21 - [TEST_STEP][PASSED] - maximizeWindow(): Current window maximized

2024-01-07 16:51:21 - [MESSAGE][PASSED] - Current window maximized

2024-01-07 16:51:21 - [TEST_STEP][PASSED] - click(findTestObject("Object Repository/login/button_login")): Object: 'Object Repository/login/button_login' is clicked on

2024-01-07 16:51:23 - [MESSAGE][PASSED] - Object: 'Object Repository/login/button_login' is clicked on

2024-01-07 16:51:23 - [TEST_STEP][PASSED] - click(findTestObject("Object Repository/sidebar/button_sidebar")): Object: 'Object Repository/sidebar/button_sidebar' is clicked on

2024-01-07 16:51:24 - [MESSAGE][PASSED] - Object: 'Object Repository/sidebar/button_sidebar' is clicked on

2024-01-07 16:51:24 - [TEST_STEP][PASSED] - click(findTestObject("sidebar/button_new_drawal")): Object: 'Object Repository/sidebar/button_new_drawal' is clicked on

2024-01-07 16:51:25 - [MESSAGE][PASSED] - Object: 'Object Repository/sidebar/button_new_drawal' is clicked on

2024-01-07 16:51:25 - [TEST_STEP][PASSED] - click(findTestObject("create_new_with_drawal/input_date")): Object: 'Object Repository/create_new_with_drawal/input_date' is clicked on

2024-01-07 16:51:26 - [MESSAGE][PASSED] - Object: 'Object Repository/create_new_with_drawal/input_date' is clicked on

2024-01-07 16:51:26 - [TEST_STEP][PASSED] - sendKeys(findTestObject("create_new_with_drawal/input_date"), month): Keys '11' sent to object: 'Object Repository/create_new_with_drawal/input_date'

2024-01-07 16:51:26 - [MESSAGE][PASSED] - Keys '11' sent to object: 'Object Repository/create_new_with_drawal/input_date'

2024-01-07 16:51:26 - [TEST_STEP][PASSED] - sendKeys(findTestObject("create_new_with_drawal/input_date"), day): Keys '26' sent to object: 'Object Repository/create_new_with_drawal/input_date'

2024-01-07 16:51:27 - [MESSAGE][PASSED] - Keys '26' sent to object: 'Object Repository/create_new_with_drawal/input_date'

2024-01-07 16:51:27 - [TEST_STEP][PASSED] - sendKeys(findTestObject("create_new_with_drawal/input_date"), year): Keys '2024' sent to object: 'Object Repository/create_new_with_drawal/input_date'

2024-01-07 16:51:27 - [MESSAGE][PASSED] - Keys '2024' sent to object: 'Object Repository/create_new_with_drawal/input_date'

2024-01-07 16:51:27 - [TEST_STEP][PASSED] - sendKeys(findTestObject("create_new_with_drawal/input_date"), Keys.chord(RIGHT)): Keys 'RIGHT + ' sent to object: 'Object Repository/create_new_with_drawal/input_date'

2024-01-07 16:51:27 - [MESSAGE][PASSED] - Keys 'RIGHT + ' sent to object: 'Object Repository/create_new_with_drawal/input_date'

2024-01-07 16:51:27 - [TEST_STEP][PASSED] - sendKeys(findTestObject("create_new_with_drawal/input_date"), hour): Keys '07' sent to object: 'Object Repository/create_new_with_drawal/input_date'

2024-01-07 16:51:28 - [MESSAGE][PASSED] - Keys '07' sent to object: 'Object Repository/create_new_with_drawal/input_date'

2024-01-07 16:51:28 - [TEST_STEP][PASSED] - sendKeys(findTestObject("create_new_with_drawal/input_date"), minute): Keys '15' sent to object: 'Object Repository/create_new_with_drawal/input_date'

2024-01-07 16:51:28 - [MESSAGE][PASSED] - Keys '15' sent to object: 'Object Repository/create_new_with_drawal/input_date'

2024-01-07 16:51:28 - [TEST_STEP][PASSED] - sendKeys(findTestObject("create_new_with_drawal/input_date"), am_pm): Keys 'AM' sent to object: 'Object Repository/create_new_with_drawal/input_date'

2024-01-07 16:51:28 - [MESSAGE][PASSED] - Keys 'AM' sent to object: 'Object Repository/create_new_with_drawal/input_date'

2024-01-07 16:51:28 - [TEST_STEP][PASSED] - verifyElementAttributeValue(findTestObject("create_new_with_drawal/input_date"), "value", expected_result, 0): Object 'Object Repository/create_new_with_drawal/input_date' has attribute 'value' with value '2024-11-26T07:15'

2024-01-07 16:51:28 - [MESSAGE][WARNING] - Timeout '0' is invalid. Using default page load timeout: '30'

2024-01-07 16:51:29 - [MESSAGE][PASSED] - Object 'Object Repository/create_new_with_drawal/input_date' has attribute 'value' with value '2024-11-26T07:15'

2024-01-07 16:51:29 - [TEST_STEP][PASSED] - closeBrowser(): Browser is closed

2024-01-07 16:51:29 - [MESSAGE][PASSED] - Browser is closed]]></system-out>
         <system-err><![CDATA[]]></system-err>
      </testcase>
      <testcase name="Test Cases/Functional/create new transaction-withdrawals/TC15" time="11.589" classname="Test Cases/Functional/create new transaction-withdrawals/TC15" status="PASSED">
         <system-out><![CDATA[2024-01-07 16:51:30 - [TEST_CASE][PASSED] - Test Cases/Functional/create new transaction-withdrawals/TC15: Test Cases/Functional/create new transaction-withdrawals/TC15

2024-01-07 16:51:30 - [TEST_STEP][PASSED] - openBrowser("https://demo.firefly-iii.org/"): Browser is opened with url: 'https://demo.firefly-iii.org/'

2024-01-07 16:51:30 - [MESSAGE][INFO] - Starting 'Chrome' driver

2024-01-07 16:51:30 - [MESSAGE][INFO] - Action delay is set to 0 milliseconds

2024-01-07 16:51:32 - [MESSAGE][PASSED] - Browser is opened with url: 'https://demo.firefly-iii.org/'

2024-01-07 16:51:32 - [TEST_STEP][PASSED] - maximizeWindow(): Current window maximized

2024-01-07 16:51:32 - [MESSAGE][PASSED] - Current window maximized

2024-01-07 16:51:32 - [TEST_STEP][PASSED] - click(findTestObject("Object Repository/login/button_login")): Object: 'Object Repository/login/button_login' is clicked on

2024-01-07 16:51:34 - [MESSAGE][PASSED] - Object: 'Object Repository/login/button_login' is clicked on

2024-01-07 16:51:34 - [TEST_STEP][PASSED] - click(findTestObject("Object Repository/sidebar/button_sidebar")): Object: 'Object Repository/sidebar/button_sidebar' is clicked on

2024-01-07 16:51:35 - [MESSAGE][PASSED] - Object: 'Object Repository/sidebar/button_sidebar' is clicked on

2024-01-07 16:51:35 - [TEST_STEP][PASSED] - click(findTestObject("sidebar/button_new_drawal")): Object: 'Object Repository/sidebar/button_new_drawal' is clicked on

2024-01-07 16:51:37 - [MESSAGE][PASSED] - Object: 'Object Repository/sidebar/button_new_drawal' is clicked on

2024-01-07 16:51:37 - [TEST_STEP][PASSED] - click(findTestObject("create_new_with_drawal/input_date")): Object: 'Object Repository/create_new_with_drawal/input_date' is clicked on

2024-01-07 16:51:37 - [MESSAGE][PASSED] - Object: 'Object Repository/create_new_with_drawal/input_date' is clicked on

2024-01-07 16:51:37 - [TEST_STEP][PASSED] - sendKeys(findTestObject("create_new_with_drawal/input_date"), month): Keys '10' sent to object: 'Object Repository/create_new_with_drawal/input_date'

2024-01-07 16:51:38 - [MESSAGE][PASSED] - Keys '10' sent to object: 'Object Repository/create_new_with_drawal/input_date'

2024-01-07 16:51:38 - [TEST_STEP][PASSED] - sendKeys(findTestObject("create_new_with_drawal/input_date"), day): Keys '25' sent to object: 'Object Repository/create_new_with_drawal/input_date'

2024-01-07 16:51:38 - [MESSAGE][PASSED] - Keys '25' sent to object: 'Object Repository/create_new_with_drawal/input_date'

2024-01-07 16:51:38 - [TEST_STEP][PASSED] - sendKeys(findTestObject("create_new_with_drawal/input_date"), year): Keys '2000' sent to object: 'Object Repository/create_new_with_drawal/input_date'

2024-01-07 16:51:39 - [MESSAGE][PASSED] - Keys '2000' sent to object: 'Object Repository/create_new_with_drawal/input_date'

2024-01-07 16:51:39 - [TEST_STEP][PASSED] - sendKeys(findTestObject("create_new_with_drawal/input_date"), Keys.chord(RIGHT)): Keys 'RIGHT + ' sent to object: 'Object Repository/create_new_with_drawal/input_date'

2024-01-07 16:51:39 - [MESSAGE][PASSED] - Keys 'RIGHT + ' sent to object: 'Object Repository/create_new_with_drawal/input_date'

2024-01-07 16:51:39 - [TEST_STEP][PASSED] - sendKeys(findTestObject("create_new_with_drawal/input_date"), hour): Keys '06' sent to object: 'Object Repository/create_new_with_drawal/input_date'

2024-01-07 16:51:39 - [MESSAGE][PASSED] - Keys '06' sent to object: 'Object Repository/create_new_with_drawal/input_date'

2024-01-07 16:51:39 - [TEST_STEP][PASSED] - sendKeys(findTestObject("create_new_with_drawal/input_date"), minute): Keys '20' sent to object: 'Object Repository/create_new_with_drawal/input_date'

2024-01-07 16:51:40 - [MESSAGE][PASSED] - Keys '20' sent to object: 'Object Repository/create_new_with_drawal/input_date'

2024-01-07 16:51:40 - [TEST_STEP][PASSED] - sendKeys(findTestObject("create_new_with_drawal/input_date"), am_pm): Keys 'PM' sent to object: 'Object Repository/create_new_with_drawal/input_date'

2024-01-07 16:51:40 - [MESSAGE][PASSED] - Keys 'PM' sent to object: 'Object Repository/create_new_with_drawal/input_date'

2024-01-07 16:51:40 - [TEST_STEP][PASSED] - verifyElementAttributeValue(findTestObject("create_new_with_drawal/input_date"), "value", expected_result, 0): Object 'Object Repository/create_new_with_drawal/input_date' has attribute 'value' with value '2000-10-25T18:20'

2024-01-07 16:51:40 - [MESSAGE][WARNING] - Timeout '0' is invalid. Using default page load timeout: '30'

2024-01-07 16:51:40 - [MESSAGE][PASSED] - Object 'Object Repository/create_new_with_drawal/input_date' has attribute 'value' with value '2000-10-25T18:20'

2024-01-07 16:51:40 - [TEST_STEP][PASSED] - closeBrowser(): Browser is closed

2024-01-07 16:51:41 - [MESSAGE][PASSED] - Browser is closed]]></system-out>
         <system-err><![CDATA[]]></system-err>
      </testcase>
      <testcase name="Test Cases/Functional/create new transaction-withdrawals/TC17" time="10.016" classname="Test Cases/Functional/create new transaction-withdrawals/TC17" status="FAILED">
         <failure type="FAILED" message="Test Cases/Functional/create new transaction-withdrawals/TC17 FAILED.
Reason:
com.kms.katalon.core.exception.StepFailedException: Unable to verify text 'Error! There was something wrong with your submission. Please check out the errors.' is present 
	at com.kms.katalon.core.webui.keyword.internal.WebUIKeywordMain.stepFailed(WebUIKeywordMain.groovy:64)
	at com.kms.katalon.core.webui.keyword.internal.WebUIKeywordMain.runKeyword(WebUIKeywordMain.groovy:26)
	at com.kms.katalon.core.webui.keyword.builtin.VerifyTextPresentKeyword.verifyTextPresent(VerifyTextPresentKeyword.groovy:83)
	at com.kms.katalon.core.webui.keyword.builtin.VerifyTextPresentKeyword.execute(VerifyTextPresentKeyword.groovy:68)
	at com.kms.katalon.core.keyword.internal.KeywordExecutor.executeKeywordForPlatform(KeywordExecutor.groovy:74)
	at com.kms.katalon.core.webui.keyword.WebUiBuiltInKeywords.verifyTextPresent(WebUiBuiltInKeywords.groovy:1723)
	at com.kms.katalon.core.webui.keyword.WebUiBuiltInKeywords$verifyTextPresent$8.call(Unknown Source)
	at TC17.run(TC17:32)
	at com.kms.katalon.core.main.ScriptEngine.run(ScriptEngine.java:194)
	at com.kms.katalon.core.main.ScriptEngine.runScriptAsRawText(ScriptEngine.java:119)
	at com.kms.katalon.core.main.TestCaseExecutor.runScript(TestCaseExecutor.java:448)
	at com.kms.katalon.core.main.TestCaseExecutor.doExecute(TestCaseExecutor.java:439)
	at com.kms.katalon.core.main.TestCaseExecutor.processExecutionPhase(TestCaseExecutor.java:418)
	at com.kms.katalon.core.main.TestCaseExecutor.accessMainPhase(TestCaseExecutor.java:410)
	at com.kms.katalon.core.main.TestCaseExecutor.execute(TestCaseExecutor.java:285)
	at com.kms.katalon.core.main.TestCaseExecutor.execute(TestCaseExecutor.java:369)
	at com.kms.katalon.core.main.TestCaseExecutor.execute(TestCaseExecutor.java:369)
	at com.kms.katalon.core.main.TestCaseExecutor.execute(TestCaseExecutor.java:369)
	at com.kms.katalon.core.common.CommonExecutor.accessTestCaseMainPhase(CommonExecutor.java:65)
	at com.kms.katalon.core.main.TestSuiteExecutor.accessTestSuiteMainPhase(TestSuiteExecutor.java:148)
	at com.kms.katalon.core.main.TestSuiteExecutor.execute(TestSuiteExecutor.java:106)
	at com.kms.katalon.core.main.TestCaseMain.startTestSuite(TestCaseMain.java:187)
	at com.kms.katalon.core.main.TestCaseMain$startTestSuite$0.call(Unknown Source)
	at TempTestSuite1704620791087.run(TempTestSuite1704620791087.groovy:36)
Caused by: com.kms.katalon.core.exception.StepFailedException: Text 'Error! There was something wrong with your submission. Please check out the errors.' is not present on page 
	at com.kms.katalon.core.webui.keyword.internal.WebUIKeywordMain.stepFailed(WebUIKeywordMain.groovy:64)
	at com.kms.katalon.core.webui.keyword.builtin.VerifyTextPresentKeyword$_verifyTextPresent_closure1.doCall(VerifyTextPresentKeyword.groovy:79)
	at com.kms.katalon.core.webui.keyword.builtin.VerifyTextPresentKeyword$_verifyTextPresent_closure1.call(VerifyTextPresentKeyword.groovy)
	at com.kms.katalon.core.webui.keyword.internal.WebUIKeywordMain.runKeyword(WebUIKeywordMain.groovy:20)
	... 22 more
"/>
         <system-out><![CDATA[2024-01-07 16:52:13 - [TEST_CASE][FAILED] - Test Cases/Functional/create new transaction-withdrawals/TC17: Test Cases/Functional/create new transaction-withdrawals/TC17 FAILED.
Reason:
com.kms.katalon.core.exception.StepFailedException: Unable to verify text 'Error! There was something wrong with your submission. Please check out the errors.' is present 
	at com.kms.katalon.core.webui.keyword.internal.WebUIKeywordMain.stepFailed(WebUIKeywordMain.groovy:64)
	at com.kms.katalon.core.webui.keyword.internal.WebUIKeywordMain.runKeyword(WebUIKeywordMain.groovy:26)
	at com.kms.katalon.core.webui.keyword.builtin.VerifyTextPresentKeyword.verifyTextPresent(VerifyTextPresentKeyword.groovy:83)
	at com.kms.katalon.core.webui.keyword.builtin.VerifyTextPresentKeyword.execute(VerifyTextPresentKeyword.groovy:68)
	at com.kms.katalon.core.keyword.internal.KeywordExecutor.executeKeywordForPlatform(KeywordExecutor.groovy:74)
	at com.kms.katalon.core.webui.keyword.WebUiBuiltInKeywords.verifyTextPresent(WebUiBuiltInKeywords.groovy:1723)
	at com.kms.katalon.core.webui.keyword.WebUiBuiltInKeywords$verifyTextPresent$8.call(Unknown Source)
	at TC17.run(TC17:32)
	at com.kms.katalon.core.main.ScriptEngine.run(ScriptEngine.java:194)
	at com.kms.katalon.core.main.ScriptEngine.runScriptAsRawText(ScriptEngine.java:119)
	at com.kms.katalon.core.main.TestCaseExecutor.runScript(TestCaseExecutor.java:448)
	at com.kms.katalon.core.main.TestCaseExecutor.doExecute(TestCaseExecutor.java:439)
	at com.kms.katalon.core.main.TestCaseExecutor.processExecutionPhase(TestCaseExecutor.java:418)
	at com.kms.katalon.core.main.TestCaseExecutor.accessMainPhase(TestCaseExecutor.java:410)
	at com.kms.katalon.core.main.TestCaseExecutor.execute(TestCaseExecutor.java:285)
	at com.kms.katalon.core.main.TestCaseExecutor.execute(TestCaseExecutor.java:369)
	at com.kms.katalon.core.main.TestCaseExecutor.execute(TestCaseExecutor.java:369)
	at com.kms.katalon.core.main.TestCaseExecutor.execute(TestCaseExecutor.java:369)
	at com.kms.katalon.core.common.CommonExecutor.accessTestCaseMainPhase(CommonExecutor.java:65)
	at com.kms.katalon.core.main.TestSuiteExecutor.accessTestSuiteMainPhase(TestSuiteExecutor.java:148)
	at com.kms.katalon.core.main.TestSuiteExecutor.execute(TestSuiteExecutor.java:106)
	at com.kms.katalon.core.main.TestCaseMain.startTestSuite(TestCaseMain.java:187)
	at com.kms.katalon.core.main.TestCaseMain$startTestSuite$0.call(Unknown Source)
	at TempTestSuite1704620791087.run(TempTestSuite1704620791087.groovy:36)
Caused by: com.kms.katalon.core.exception.StepFailedException: Text 'Error! There was something wrong with your submission. Please check out the errors.' is not present on page 
	at com.kms.katalon.core.webui.keyword.internal.WebUIKeywordMain.stepFailed(WebUIKeywordMain.groovy:64)
	at com.kms.katalon.core.webui.keyword.builtin.VerifyTextPresentKeyword$_verifyTextPresent_closure1.doCall(VerifyTextPresentKeyword.groovy:79)
	at com.kms.katalon.core.webui.keyword.builtin.VerifyTextPresentKeyword$_verifyTextPresent_closure1.call(VerifyTextPresentKeyword.groovy)
	at com.kms.katalon.core.webui.keyword.internal.WebUIKeywordMain.runKeyword(WebUIKeywordMain.groovy:20)
	... 22 more


2024-01-07 16:52:13 - [TEST_STEP][PASSED] - openBrowser("https://demo.firefly-iii.org/"): Browser is opened with url: 'https://demo.firefly-iii.org/'

2024-01-07 16:52:13 - [MESSAGE][WARNING] - A browser is already opened. Closing browser and opening a new one

2024-01-07 16:52:14 - [MESSAGE][INFO] - Starting 'Chrome' driver

2024-01-07 16:52:14 - [MESSAGE][INFO] - Action delay is set to 0 milliseconds

2024-01-07 16:52:16 - [MESSAGE][PASSED] - Browser is opened with url: 'https://demo.firefly-iii.org/'

2024-01-07 16:52:16 - [TEST_STEP][PASSED] - maximizeWindow(): Current window maximized

2024-01-07 16:52:16 - [MESSAGE][PASSED] - Current window maximized

2024-01-07 16:52:16 - [TEST_STEP][PASSED] - click(findTestObject("Object Repository/login/button_login")): Object: 'Object Repository/login/button_login' is clicked on

2024-01-07 16:52:19 - [MESSAGE][PASSED] - Object: 'Object Repository/login/button_login' is clicked on

2024-01-07 16:52:19 - [TEST_STEP][PASSED] - click(findTestObject("Object Repository/sidebar/button_sidebar")): Object: 'Object Repository/sidebar/button_sidebar' is clicked on

2024-01-07 16:52:20 - [MESSAGE][PASSED] - Object: 'Object Repository/sidebar/button_sidebar' is clicked on

2024-01-07 16:52:20 - [TEST_STEP][PASSED] - click(findTestObject("sidebar/button_new_drawal")): Object: 'Object Repository/sidebar/button_new_drawal' is clicked on

2024-01-07 16:52:21 - [MESSAGE][PASSED] - Object: 'Object Repository/sidebar/button_new_drawal' is clicked on

2024-01-07 16:52:21 - [TEST_STEP][PASSED] - click(findTestObject("create_new_with_drawal/button_Submit")): Object: 'Object Repository/create_new_with_drawal/button_Submit' is clicked on

2024-01-07 16:52:22 - [MESSAGE][PASSED] - Object: 'Object Repository/create_new_with_drawal/button_Submit' is clicked on

2024-01-07 16:52:22 - [TEST_STEP][FAILED] - verifyTextPresent("Error! There was something wrong with your submission. Please check out the errors.", false): Unable to verify text 'Error! There was something wrong with your submission. Please check out the errors.' is present  (Root cause: com.kms.katalon.core.exception.StepFailedException: Unable to verify text 'Error! There was something wrong with your submission. Please check out the errors.' is present 
	at com.kms.katalon.core.webui.keyword.internal.WebUIKeywordMain.stepFailed(WebUIKeywordMain.groovy:64)
	at com.kms.katalon.core.webui.keyword.internal.WebUIKeywordMain.runKeyword(WebUIKeywordMain.groovy:26)
	at com.kms.katalon.core.webui.keyword.builtin.VerifyTextPresentKeyword.verifyTextPresent(VerifyTextPresentKeyword.groovy:83)
	at com.kms.katalon.core.webui.keyword.builtin.VerifyTextPresentKeyword.execute(VerifyTextPresentKeyword.groovy:68)
	at com.kms.katalon.core.keyword.internal.KeywordExecutor.executeKeywordForPlatform(KeywordExecutor.groovy:74)
	at com.kms.katalon.core.webui.keyword.WebUiBuiltInKeywords.verifyTextPresent(WebUiBuiltInKeywords.groovy:1723)
	at com.kms.katalon.core.webui.keyword.WebUiBuiltInKeywords$verifyTextPresent$8.call(Unknown Source)
	at TC17.run(TC17:32)
	at com.kms.katalon.core.main.ScriptEngine.run(ScriptEngine.java:194)
	at com.kms.katalon.core.main.ScriptEngine.runScriptAsRawText(ScriptEngine.java:119)
	at com.kms.katalon.core.main.TestCaseExecutor.runScript(TestCaseExecutor.java:448)
	at com.kms.katalon.core.main.TestCaseExecutor.doExecute(TestCaseExecutor.java:439)
	at com.kms.katalon.core.main.TestCaseExecutor.processExecutionPhase(TestCaseExecutor.java:418)
	at com.kms.katalon.core.main.TestCaseExecutor.accessMainPhase(TestCaseExecutor.java:410)
	at com.kms.katalon.core.main.TestCaseExecutor.execute(TestCaseExecutor.java:285)
	at com.kms.katalon.core.main.TestCaseExecutor.execute(TestCaseExecutor.java:369)
	at com.kms.katalon.core.main.TestCaseExecutor.execute(TestCaseExecutor.java:369)
	at com.kms.katalon.core.main.TestCaseExecutor.execute(TestCaseExecutor.java:369)
	at com.kms.katalon.core.common.CommonExecutor.accessTestCaseMainPhase(CommonExecutor.java:65)
	at com.kms.katalon.core.main.TestSuiteExecutor.accessTestSuiteMainPhase(TestSuiteExecutor.java:148)
	at com.kms.katalon.core.main.TestSuiteExecutor.execute(TestSuiteExecutor.java:106)
	at com.kms.katalon.core.main.TestCaseMain.startTestSuite(TestCaseMain.java:187)
	at com.kms.katalon.core.main.TestCaseMain$startTestSuite$0.call(Unknown Source)
	at TempTestSuite1704620791087.run(TempTestSuite1704620791087.groovy:36)
Caused by: com.kms.katalon.core.exception.StepFailedException: Text 'Error! There was something wrong with your submission. Please check out the errors.' is not present on page 
	at com.kms.katalon.core.webui.keyword.internal.WebUIKeywordMain.stepFailed(WebUIKeywordMain.groovy:64)
	at com.kms.katalon.core.webui.keyword.builtin.VerifyTextPresentKeyword$_verifyTextPresent_closure1.doCall(VerifyTextPresentKeyword.groovy:79)
	at com.kms.katalon.core.webui.keyword.builtin.VerifyTextPresentKeyword$_verifyTextPresent_closure1.call(VerifyTextPresentKeyword.groovy)
	at com.kms.katalon.core.webui.keyword.internal.WebUIKeywordMain.runKeyword(WebUIKeywordMain.groovy:20)
	... 22 more
)

2024-01-07 16:52:23 - [MESSAGE][FAILED] - Text 'Error! There was something wrong with your submission. Please check out the errors.' is not present on page  (Root cause: com.kms.katalon.core.exception.StepFailedException: Text 'Error! There was something wrong with your submission. Please check out the errors.' is not present on page 
	at com.kms.katalon.core.webui.keyword.internal.WebUIKeywordMain.stepFailed(WebUIKeywordMain.groovy:64)
	at com.kms.katalon.core.webui.keyword.builtin.VerifyTextPresentKeyword$_verifyTextPresent_closure1.doCall(VerifyTextPresentKeyword.groovy:79)
	at com.kms.katalon.core.webui.keyword.builtin.VerifyTextPresentKeyword$_verifyTextPresent_closure1.call(VerifyTextPresentKeyword.groovy)
	at com.kms.katalon.core.webui.keyword.internal.WebUIKeywordMain.runKeyword(WebUIKeywordMain.groovy:20)
	at com.kms.katalon.core.webui.keyword.builtin.VerifyTextPresentKeyword.verifyTextPresent(VerifyTextPresentKeyword.groovy:83)
	at com.kms.katalon.core.webui.keyword.builtin.VerifyTextPresentKeyword.execute(VerifyTextPresentKeyword.groovy:68)
	at com.kms.katalon.core.keyword.internal.KeywordExecutor.executeKeywordForPlatform(KeywordExecutor.groovy:74)
	at com.kms.katalon.core.webui.keyword.WebUiBuiltInKeywords.verifyTextPresent(WebUiBuiltInKeywords.groovy:1723)
	at com.kms.katalon.core.webui.keyword.WebUiBuiltInKeywords$verifyTextPresent$8.call(Unknown Source)
	at TC17.run(TC17:32)
	at com.kms.katalon.core.main.ScriptEngine.run(ScriptEngine.java:194)
	at com.kms.katalon.core.main.ScriptEngine.runScriptAsRawText(ScriptEngine.java:119)
	at com.kms.katalon.core.main.TestCaseExecutor.runScript(TestCaseExecutor.java:448)
	at com.kms.katalon.core.main.TestCaseExecutor.doExecute(TestCaseExecutor.java:439)
	at com.kms.katalon.core.main.TestCaseExecutor.processExecutionPhase(TestCaseExecutor.java:418)
	at com.kms.katalon.core.main.TestCaseExecutor.accessMainPhase(TestCaseExecutor.java:410)
	at com.kms.katalon.core.main.TestCaseExecutor.execute(TestCaseExecutor.java:285)
	at com.kms.katalon.core.main.TestCaseExecutor.execute(TestCaseExecutor.java:369)
	at com.kms.katalon.core.main.TestCaseExecutor.execute(TestCaseExecutor.java:369)
	at com.kms.katalon.core.main.TestCaseExecutor.execute(TestCaseExecutor.java:369)
	at com.kms.katalon.core.common.CommonExecutor.accessTestCaseMainPhase(CommonExecutor.java:65)
	at com.kms.katalon.core.main.TestSuiteExecutor.accessTestSuiteMainPhase(TestSuiteExecutor.java:148)
	at com.kms.katalon.core.main.TestSuiteExecutor.execute(TestSuiteExecutor.java:106)
	at com.kms.katalon.core.main.TestCaseMain.startTestSuite(TestCaseMain.java:187)
	at com.kms.katalon.core.main.TestCaseMain$startTestSuite$0.call(Unknown Source)
	at TempTestSuite1704620791087.run(TempTestSuite1704620791087.groovy:36)
)

2024-01-07 16:52:23 - [MESSAGE][FAILED] - Unable to verify text 'Error! There was something wrong with your submission. Please check out the errors.' is present  (Root cause: com.kms.katalon.core.exception.StepFailedException: Unable to verify text 'Error! There was something wrong with your submission. Please check out the errors.' is present 
	at com.kms.katalon.core.webui.keyword.internal.WebUIKeywordMain.stepFailed(WebUIKeywordMain.groovy:64)
	at com.kms.katalon.core.webui.keyword.internal.WebUIKeywordMain.runKeyword(WebUIKeywordMain.groovy:26)
	at com.kms.katalon.core.webui.keyword.builtin.VerifyTextPresentKeyword.verifyTextPresent(VerifyTextPresentKeyword.groovy:83)
	at com.kms.katalon.core.webui.keyword.builtin.VerifyTextPresentKeyword.execute(VerifyTextPresentKeyword.groovy:68)
	at com.kms.katalon.core.keyword.internal.KeywordExecutor.executeKeywordForPlatform(KeywordExecutor.groovy:74)
	at com.kms.katalon.core.webui.keyword.WebUiBuiltInKeywords.verifyTextPresent(WebUiBuiltInKeywords.groovy:1723)
	at com.kms.katalon.core.webui.keyword.WebUiBuiltInKeywords$verifyTextPresent$8.call(Unknown Source)
	at TC17.run(TC17:32)
	at com.kms.katalon.core.main.ScriptEngine.run(ScriptEngine.java:194)
	at com.kms.katalon.core.main.ScriptEngine.runScriptAsRawText(ScriptEngine.java:119)
	at com.kms.katalon.core.main.TestCaseExecutor.runScript(TestCaseExecutor.java:448)
	at com.kms.katalon.core.main.TestCaseExecutor.doExecute(TestCaseExecutor.java:439)
	at com.kms.katalon.core.main.TestCaseExecutor.processExecutionPhase(TestCaseExecutor.java:418)
	at com.kms.katalon.core.main.TestCaseExecutor.accessMainPhase(TestCaseExecutor.java:410)
	at com.kms.katalon.core.main.TestCaseExecutor.execute(TestCaseExecutor.java:285)
	at com.kms.katalon.core.main.TestCaseExecutor.execute(TestCaseExecutor.java:369)
	at com.kms.katalon.core.main.TestCaseExecutor.execute(TestCaseExecutor.java:369)
	at com.kms.katalon.core.main.TestCaseExecutor.execute(TestCaseExecutor.java:369)
	at com.kms.katalon.core.common.CommonExecutor.accessTestCaseMainPhase(CommonExecutor.java:65)
	at com.kms.katalon.core.main.TestSuiteExecutor.accessTestSuiteMainPhase(TestSuiteExecutor.java:148)
	at com.kms.katalon.core.main.TestSuiteExecutor.execute(TestSuiteExecutor.java:106)
	at com.kms.katalon.core.main.TestCaseMain.startTestSuite(TestCaseMain.java:187)
	at com.kms.katalon.core.main.TestCaseMain$startTestSuite$0.call(Unknown Source)
	at TempTestSuite1704620791087.run(TempTestSuite1704620791087.groovy:36)
Caused by: com.kms.katalon.core.exception.StepFailedException: Text 'Error! There was something wrong with your submission. Please check out the errors.' is not present on page 
	at com.kms.katalon.core.webui.keyword.internal.WebUIKeywordMain.stepFailed(WebUIKeywordMain.groovy:64)
	at com.kms.katalon.core.webui.keyword.builtin.VerifyTextPresentKeyword$_verifyTextPresent_closure1.doCall(VerifyTextPresentKeyword.groovy:79)
	at com.kms.katalon.core.webui.keyword.builtin.VerifyTextPresentKeyword$_verifyTextPresent_closure1.call(VerifyTextPresentKeyword.groovy)
	at com.kms.katalon.core.webui.keyword.internal.WebUIKeywordMain.runKeyword(WebUIKeywordMain.groovy:20)
	... 22 more
)
[[ATTACHMENT|C:\\Users\\Thuan\\Desktop\\Workspace\\software_testing_katalon\\Reports\\20240107_164631\\Functional\\create new transaction-withdrawals\\20240107_164631\\1704621143205.png]]]]></system-out>
         <system-err><![CDATA[2024-01-07 16:52:13 - [TEST_CASE][FAILED] - Test Cases/Functional/create new transaction-withdrawals/TC17: Test Cases/Functional/create new transaction-withdrawals/TC17 FAILED.
Reason:
com.kms.katalon.core.exception.StepFailedException: Unable to verify text 'Error! There was something wrong with your submission. Please check out the errors.' is present 
	at com.kms.katalon.core.webui.keyword.internal.WebUIKeywordMain.stepFailed(WebUIKeywordMain.groovy:64)
	at com.kms.katalon.core.webui.keyword.internal.WebUIKeywordMain.runKeyword(WebUIKeywordMain.groovy:26)
	at com.kms.katalon.core.webui.keyword.builtin.VerifyTextPresentKeyword.verifyTextPresent(VerifyTextPresentKeyword.groovy:83)
	at com.kms.katalon.core.webui.keyword.builtin.VerifyTextPresentKeyword.execute(VerifyTextPresentKeyword.groovy:68)
	at com.kms.katalon.core.keyword.internal.KeywordExecutor.executeKeywordForPlatform(KeywordExecutor.groovy:74)
	at com.kms.katalon.core.webui.keyword.WebUiBuiltInKeywords.verifyTextPresent(WebUiBuiltInKeywords.groovy:1723)
	at com.kms.katalon.core.webui.keyword.WebUiBuiltInKeywords$verifyTextPresent$8.call(Unknown Source)
	at TC17.run(TC17:32)
	at com.kms.katalon.core.main.ScriptEngine.run(ScriptEngine.java:194)
	at com.kms.katalon.core.main.ScriptEngine.runScriptAsRawText(ScriptEngine.java:119)
	at com.kms.katalon.core.main.TestCaseExecutor.runScript(TestCaseExecutor.java:448)
	at com.kms.katalon.core.main.TestCaseExecutor.doExecute(TestCaseExecutor.java:439)
	at com.kms.katalon.core.main.TestCaseExecutor.processExecutionPhase(TestCaseExecutor.java:418)
	at com.kms.katalon.core.main.TestCaseExecutor.accessMainPhase(TestCaseExecutor.java:410)
	at com.kms.katalon.core.main.TestCaseExecutor.execute(TestCaseExecutor.java:285)
	at com.kms.katalon.core.main.TestCaseExecutor.execute(TestCaseExecutor.java:369)
	at com.kms.katalon.core.main.TestCaseExecutor.execute(TestCaseExecutor.java:369)
	at com.kms.katalon.core.main.TestCaseExecutor.execute(TestCaseExecutor.java:369)
	at com.kms.katalon.core.common.CommonExecutor.accessTestCaseMainPhase(CommonExecutor.java:65)
	at com.kms.katalon.core.main.TestSuiteExecutor.accessTestSuiteMainPhase(TestSuiteExecutor.java:148)
	at com.kms.katalon.core.main.TestSuiteExecutor.execute(TestSuiteExecutor.java:106)
	at com.kms.katalon.core.main.TestCaseMain.startTestSuite(TestCaseMain.java:187)
	at com.kms.katalon.core.main.TestCaseMain$startTestSuite$0.call(Unknown Source)
	at TempTestSuite1704620791087.run(TempTestSuite1704620791087.groovy:36)
Caused by: com.kms.katalon.core.exception.StepFailedException: Text 'Error! There was something wrong with your submission. Please check out the errors.' is not present on page 
	at com.kms.katalon.core.webui.keyword.internal.WebUIKeywordMain.stepFailed(WebUIKeywordMain.groovy:64)
	at com.kms.katalon.core.webui.keyword.builtin.VerifyTextPresentKeyword$_verifyTextPresent_closure1.doCall(VerifyTextPresentKeyword.groovy:79)
	at com.kms.katalon.core.webui.keyword.builtin.VerifyTextPresentKeyword$_verifyTextPresent_closure1.call(VerifyTextPresentKeyword.groovy)
	at com.kms.katalon.core.webui.keyword.internal.WebUIKeywordMain.runKeyword(WebUIKeywordMain.groovy:20)
	... 22 more]]></system-err>
      </testcase>
      <testcase name="Test Cases/Functional/create new transaction-withdrawals/TC19" time="13.129" classname="Test Cases/Functional/create new transaction-withdrawals/TC19" status="FAILED">
         <failure type="FAILED" message="Test Cases/Functional/create new transaction-withdrawals/TC19 FAILED.
Reason:
com.kms.katalon.core.exception.StepFailedException: Unable to verify text 'The transactions description may not be greater than 1000 characters.' is present 
	at com.kms.katalon.core.webui.keyword.internal.WebUIKeywordMain.stepFailed(WebUIKeywordMain.groovy:64)
	at com.kms.katalon.core.webui.keyword.internal.WebUIKeywordMain.runKeyword(WebUIKeywordMain.groovy:26)
	at com.kms.katalon.core.webui.keyword.builtin.VerifyTextPresentKeyword.verifyTextPresent(VerifyTextPresentKeyword.groovy:83)
	at com.kms.katalon.core.webui.keyword.builtin.VerifyTextPresentKeyword.execute(VerifyTextPresentKeyword.groovy:68)
	at com.kms.katalon.core.keyword.internal.KeywordExecutor.executeKeywordForPlatform(KeywordExecutor.groovy:74)
	at com.kms.katalon.core.webui.keyword.WebUiBuiltInKeywords.verifyTextPresent(WebUiBuiltInKeywords.groovy:1723)
	at com.kms.katalon.core.webui.keyword.WebUiBuiltInKeywords$verifyTextPresent$8.call(Unknown Source)
	at TC19.run(TC19:38)
	at com.kms.katalon.core.main.ScriptEngine.run(ScriptEngine.java:194)
	at com.kms.katalon.core.main.ScriptEngine.runScriptAsRawText(ScriptEngine.java:119)
	at com.kms.katalon.core.main.TestCaseExecutor.runScript(TestCaseExecutor.java:448)
	at com.kms.katalon.core.main.TestCaseExecutor.doExecute(TestCaseExecutor.java:439)
	at com.kms.katalon.core.main.TestCaseExecutor.processExecutionPhase(TestCaseExecutor.java:418)
	at com.kms.katalon.core.main.TestCaseExecutor.accessMainPhase(TestCaseExecutor.java:410)
	at com.kms.katalon.core.main.TestCaseExecutor.execute(TestCaseExecutor.java:285)
	at com.kms.katalon.core.main.TestCaseExecutor.execute(TestCaseExecutor.java:369)
	at com.kms.katalon.core.main.TestCaseExecutor.execute(TestCaseExecutor.java:369)
	at com.kms.katalon.core.main.TestCaseExecutor.execute(TestCaseExecutor.java:369)
	at com.kms.katalon.core.common.CommonExecutor.accessTestCaseMainPhase(CommonExecutor.java:65)
	at com.kms.katalon.core.main.TestSuiteExecutor.accessTestSuiteMainPhase(TestSuiteExecutor.java:148)
	at com.kms.katalon.core.main.TestSuiteExecutor.execute(TestSuiteExecutor.java:106)
	at com.kms.katalon.core.main.TestCaseMain.startTestSuite(TestCaseMain.java:187)
	at com.kms.katalon.core.main.TestCaseMain$startTestSuite$0.call(Unknown Source)
	at TempTestSuite1704620791087.run(TempTestSuite1704620791087.groovy:36)
Caused by: com.kms.katalon.core.exception.StepFailedException: Text 'The transactions description may not be greater than 1000 characters.' is not present on page 
	at com.kms.katalon.core.webui.keyword.internal.WebUIKeywordMain.stepFailed(WebUIKeywordMain.groovy:64)
	at com.kms.katalon.core.webui.keyword.builtin.VerifyTextPresentKeyword$_verifyTextPresent_closure1.doCall(VerifyTextPresentKeyword.groovy:79)
	at com.kms.katalon.core.webui.keyword.builtin.VerifyTextPresentKeyword$_verifyTextPresent_closure1.call(VerifyTextPresentKeyword.groovy)
	at com.kms.katalon.core.webui.keyword.internal.WebUIKeywordMain.runKeyword(WebUIKeywordMain.groovy:20)
	... 22 more
"/>
         <system-out><![CDATA[2024-01-07 16:53:02 - [TEST_CASE][FAILED] - Test Cases/Functional/create new transaction-withdrawals/TC19: Test Cases/Functional/create new transaction-withdrawals/TC19 FAILED.
Reason:
com.kms.katalon.core.exception.StepFailedException: Unable to verify text 'The transactions description may not be greater than 1000 characters.' is present 
	at com.kms.katalon.core.webui.keyword.internal.WebUIKeywordMain.stepFailed(WebUIKeywordMain.groovy:64)
	at com.kms.katalon.core.webui.keyword.internal.WebUIKeywordMain.runKeyword(WebUIKeywordMain.groovy:26)
	at com.kms.katalon.core.webui.keyword.builtin.VerifyTextPresentKeyword.verifyTextPresent(VerifyTextPresentKeyword.groovy:83)
	at com.kms.katalon.core.webui.keyword.builtin.VerifyTextPresentKeyword.execute(VerifyTextPresentKeyword.groovy:68)
	at com.kms.katalon.core.keyword.internal.KeywordExecutor.executeKeywordForPlatform(KeywordExecutor.groovy:74)
	at com.kms.katalon.core.webui.keyword.WebUiBuiltInKeywords.verifyTextPresent(WebUiBuiltInKeywords.groovy:1723)
	at com.kms.katalon.core.webui.keyword.WebUiBuiltInKeywords$verifyTextPresent$8.call(Unknown Source)
	at TC19.run(TC19:38)
	at com.kms.katalon.core.main.ScriptEngine.run(ScriptEngine.java:194)
	at com.kms.katalon.core.main.ScriptEngine.runScriptAsRawText(ScriptEngine.java:119)
	at com.kms.katalon.core.main.TestCaseExecutor.runScript(TestCaseExecutor.java:448)
	at com.kms.katalon.core.main.TestCaseExecutor.doExecute(TestCaseExecutor.java:439)
	at com.kms.katalon.core.main.TestCaseExecutor.processExecutionPhase(TestCaseExecutor.java:418)
	at com.kms.katalon.core.main.TestCaseExecutor.accessMainPhase(TestCaseExecutor.java:410)
	at com.kms.katalon.core.main.TestCaseExecutor.execute(TestCaseExecutor.java:285)
	at com.kms.katalon.core.main.TestCaseExecutor.execute(TestCaseExecutor.java:369)
	at com.kms.katalon.core.main.TestCaseExecutor.execute(TestCaseExecutor.java:369)
	at com.kms.katalon.core.main.TestCaseExecutor.execute(TestCaseExecutor.java:369)
	at com.kms.katalon.core.common.CommonExecutor.accessTestCaseMainPhase(CommonExecutor.java:65)
	at com.kms.katalon.core.main.TestSuiteExecutor.accessTestSuiteMainPhase(TestSuiteExecutor.java:148)
	at com.kms.katalon.core.main.TestSuiteExecutor.execute(TestSuiteExecutor.java:106)
	at com.kms.katalon.core.main.TestCaseMain.startTestSuite(TestCaseMain.java:187)
	at com.kms.katalon.core.main.TestCaseMain$startTestSuite$0.call(Unknown Source)
	at TempTestSuite1704620791087.run(TempTestSuite1704620791087.groovy:36)
Caused by: com.kms.katalon.core.exception.StepFailedException: Text 'The transactions description may not be greater than 1000 characters.' is not present on page 
	at com.kms.katalon.core.webui.keyword.internal.WebUIKeywordMain.stepFailed(WebUIKeywordMain.groovy:64)
	at com.kms.katalon.core.webui.keyword.builtin.VerifyTextPresentKeyword$_verifyTextPresent_closure1.doCall(VerifyTextPresentKeyword.groovy:79)
	at com.kms.katalon.core.webui.keyword.builtin.VerifyTextPresentKeyword$_verifyTextPresent_closure1.call(VerifyTextPresentKeyword.groovy)
	at com.kms.katalon.core.webui.keyword.internal.WebUIKeywordMain.runKeyword(WebUIKeywordMain.groovy:20)
	... 22 more


2024-01-07 16:53:02 - [TEST_STEP][PASSED] - openBrowser(""): Browser is opened with url: ''

2024-01-07 16:53:02 - [MESSAGE][WARNING] - A browser is already opened. Closing browser and opening a new one

2024-01-07 16:53:03 - [MESSAGE][INFO] - Starting 'Chrome' driver

2024-01-07 16:53:03 - [MESSAGE][INFO] - Action delay is set to 0 milliseconds

2024-01-07 16:53:04 - [MESSAGE][PASSED] - Browser is opened with url: ''

2024-01-07 16:53:04 - [TEST_STEP][PASSED] - navigateToUrl("https://demo.firefly-iii.org/"): Navigate to 'https://demo.firefly-iii.org/' successfully

2024-01-07 16:53:06 - [MESSAGE][PASSED] - Navigate to 'https://demo.firefly-iii.org/' successfully

2024-01-07 16:53:06 - [TEST_STEP][PASSED] - maximizeWindow(): Current window maximized

2024-01-07 16:53:06 - [MESSAGE][PASSED] - Current window maximized

2024-01-07 16:53:06 - [TEST_STEP][PASSED] - click(findTestObject("Object Repository/login/button_login")): Object: 'Object Repository/login/button_login' is clicked on

2024-01-07 16:53:08 - [MESSAGE][PASSED] - Object: 'Object Repository/login/button_login' is clicked on

2024-01-07 16:53:08 - [TEST_STEP][PASSED] - click(findTestObject("Object Repository/sidebar/button_sidebar")): Object: 'Object Repository/sidebar/button_sidebar' is clicked on

2024-01-07 16:53:09 - [MESSAGE][PASSED] - Object: 'Object Repository/sidebar/button_sidebar' is clicked on

2024-01-07 16:53:09 - [TEST_STEP][PASSED] - click(findTestObject("sidebar/button_new_drawal")): Object: 'Object Repository/sidebar/button_new_drawal' is clicked on

2024-01-07 16:53:10 - [MESSAGE][PASSED] - Object: 'Object Repository/sidebar/button_new_drawal' is clicked on

2024-01-07 16:53:10 - [TEST_STEP][PASSED] - setText(findTestObject("create_new_with_drawal/input_description"), "jmunhqgowhehsfajwvaydmcpsxpfdvmfqcyccfrzsndhmloqfscatfyuxtbxheeoozubmsxznqirsahgcpkrdurrxbhflnoojfkhmucbfckgwbmvgfguyiewbrljdymnakjyamryabjuhuxtlsogyfnneoipxotzheoghdvecvjxsfdmaoartfuvygpkjsudkmszasitnhceqttjtllclpvzjegjhrmrkgttanieundkvjvuaofiigzlslfmkyqjcbuirbznyxesrpwannbkkohbjhtcwbgztbqguhmmmlzcgfnlhfadllrkmvhtymnjhxyjrnkmdgkxxzhuuhzgahchujylybntelonpvuyqjndydsourkezxbvppxymltxiegfpdcfvvqqyytpygcwogchteeaqlyiiipgxpoyzdvpdrsievnjdbulrhqdrwpdwkwuemmdycaucbevegwlkyrybesstqadvigxhvnqgotfaizcglloxoigqixlzwqzoxlvurmrximuyluuospxundqiedxdemrejwvmmazazghqyovgrpsextogfhrdsozjymaxfbeadtxykubvfioajlnccwczakftxlsrqornvlnjzlgevihctuyaiesbrsabmqsvbyqlmvjyxopoiudidqtbiujxwtstlvynbtkxwgwymvtzcbmhysczhnnhgljyruxbzcmuuwoofocrdcuszyebtubajrgwqxocgfwsebllnzrckyzrvxqsiknxlbpsrdilmlebkyjbakdivvjvkuhjddgyrryzphnjrrwvuxulgsoxnzcgqirfzimtgdcwqtbckifxkxosniahilqlbmrwqueuxqzlagnavrapkoyvudiekmolmyozjqoyhtjguildfokrnvqqntyopndfuvrlaourwfzbxxkcnwhrbdvozkcthfqlrhctjlupweaayigbevvdxgorkritelebpvmlrbkozmwvugesafmwxwlvsqmoyepsoapxqjelwivntlksilqvirovjbobhkrpltxpz"): Text 'jmunhqgowhehsfajwvaydmcpsxpfdvmfqcyccfrzsndhmloqfscatfyuxtbxheeoozubmsxznqirsahgcpkrdurrxbhflnoojfkhmucbfckgwbmvgfguyiewbrljdymnakjyamryabjuhuxtlsogyfnneoipxotzheoghdvecvjxsfdmaoartfuvygpkjsudkmszasitnhceqttjtllclpvzjegjhrmrkgttanieundkvjvuaofiigzlslfmkyqjcbuirbznyxesrpwannbkkohbjhtcwbgztbqguhmmmlzcgfnlhfadllrkmvhtymnjhxyjrnkmdgkxxzhuuhzgahchujylybntelonpvuyqjndydsourkezxbvppxymltxiegfpdcfvvqqyytpygcwogchteeaqlyiiipgxpoyzdvpdrsievnjdbulrhqdrwpdwkwuemmdycaucbevegwlkyrybesstqadvigxhvnqgotfaizcglloxoigqixlzwqzoxlvurmrximuyluuospxundqiedxdemrejwvmmazazghqyovgrpsextogfhrdsozjymaxfbeadtxykubvfioajlnccwczakftxlsrqornvlnjzlgevihctuyaiesbrsabmqsvbyqlmvjyxopoiudidqtbiujxwtstlvynbtkxwgwymvtzcbmhysczhnnhgljyruxbzcmuuwoofocrdcuszyebtubajrgwqxocgfwsebllnzrckyzrvxqsiknxlbpsrdilmlebkyjbakdivvjvkuhjddgyrryzphnjrrwvuxulgsoxnzcgqirfzimtgdcwqtbckifxkxosniahilqlbmrwqueuxqzlagnavrapkoyvudiekmolmyozjqoyhtjguildfokrnvqqntyopndfuvrlaourwfzbxxkcnwhrbdvozkcthfqlrhctjlupweaayigbevvdxgorkritelebpvmlrbkozmwvugesafmwxwlvsqmoyepsoapxqjelwivntlksilqvirovjbobhkrpltxpz' is set on object 'Object Repository/create_new_with_drawal/input_description'

2024-01-07 16:53:13 - [MESSAGE][PASSED] - Text 'jmunhqgowhehsfajwvaydmcpsxpfdvmfqcyccfrzsndhmloqfscatfyuxtbxheeoozubmsxznqirsahgcpkrdurrxbhflnoojfkhmucbfckgwbmvgfguyiewbrljdymnakjyamryabjuhuxtlsogyfnneoipxotzheoghdvecvjxsfdmaoartfuvygpkjsudkmszasitnhceqttjtllclpvzjegjhrmrkgttanieundkvjvuaofiigzlslfmkyqjcbuirbznyxesrpwannbkkohbjhtcwbgztbqguhmmmlzcgfnlhfadllrkmvhtymnjhxyjrnkmdgkxxzhuuhzgahchujylybntelonpvuyqjndydsourkezxbvppxymltxiegfpdcfvvqqyytpygcwogchteeaqlyiiipgxpoyzdvpdrsievnjdbulrhqdrwpdwkwuemmdycaucbevegwlkyrybesstqadvigxhvnqgotfaizcglloxoigqixlzwqzoxlvurmrximuyluuospxundqiedxdemrejwvmmazazghqyovgrpsextogfhrdsozjymaxfbeadtxykubvfioajlnccwczakftxlsrqornvlnjzlgevihctuyaiesbrsabmqsvbyqlmvjyxopoiudidqtbiujxwtstlvynbtkxwgwymvtzcbmhysczhnnhgljyruxbzcmuuwoofocrdcuszyebtubajrgwqxocgfwsebllnzrckyzrvxqsiknxlbpsrdilmlebkyjbakdivvjvkuhjddgyrryzphnjrrwvuxulgsoxnzcgqirfzimtgdcwqtbckifxkxosniahilqlbmrwqueuxqzlagnavrapkoyvudiekmolmyozjqoyhtjguildfokrnvqqntyopndfuvrlaourwfzbxxkcnwhrbdvozkcthfqlrhctjlupweaayigbevvdxgorkritelebpvmlrbkozmwvugesafmwxwlvsqmoyepsoapxqjelwivntlksilqvirovjbobhkrpltxpz' is set on object 'Object Repository/create_new_with_drawal/input_description'

2024-01-07 16:53:13 - [TEST_STEP][PASSED] - setText(findTestObject("create_new_with_drawal/input_amount"), "1"): Text '1' is set on object 'Object Repository/create_new_with_drawal/input_amount'

2024-01-07 16:53:14 - [MESSAGE][PASSED] - Text '1' is set on object 'Object Repository/create_new_with_drawal/input_amount'

2024-01-07 16:53:14 - [TEST_STEP][PASSED] - click(findTestObject("create_new_with_drawal/button_Submit")): Object: 'Object Repository/create_new_with_drawal/button_Submit' is clicked on

2024-01-07 16:53:14 - [MESSAGE][PASSED] - Object: 'Object Repository/create_new_with_drawal/button_Submit' is clicked on

2024-01-07 16:53:14 - [TEST_STEP][FAILED] - verifyTextPresent("The transactions description may not be greater than 1000 characters.", false): Unable to verify text 'The transactions description may not be greater than 1000 characters.' is present  (Root cause: com.kms.katalon.core.exception.StepFailedException: Unable to verify text 'The transactions description may not be greater than 1000 characters.' is present 
	at com.kms.katalon.core.webui.keyword.internal.WebUIKeywordMain.stepFailed(WebUIKeywordMain.groovy:64)
	at com.kms.katalon.core.webui.keyword.internal.WebUIKeywordMain.runKeyword(WebUIKeywordMain.groovy:26)
	at com.kms.katalon.core.webui.keyword.builtin.VerifyTextPresentKeyword.verifyTextPresent(VerifyTextPresentKeyword.groovy:83)
	at com.kms.katalon.core.webui.keyword.builtin.VerifyTextPresentKeyword.execute(VerifyTextPresentKeyword.groovy:68)
	at com.kms.katalon.core.keyword.internal.KeywordExecutor.executeKeywordForPlatform(KeywordExecutor.groovy:74)
	at com.kms.katalon.core.webui.keyword.WebUiBuiltInKeywords.verifyTextPresent(WebUiBuiltInKeywords.groovy:1723)
	at com.kms.katalon.core.webui.keyword.WebUiBuiltInKeywords$verifyTextPresent$8.call(Unknown Source)
	at TC19.run(TC19:38)
	at com.kms.katalon.core.main.ScriptEngine.run(ScriptEngine.java:194)
	at com.kms.katalon.core.main.ScriptEngine.runScriptAsRawText(ScriptEngine.java:119)
	at com.kms.katalon.core.main.TestCaseExecutor.runScript(TestCaseExecutor.java:448)
	at com.kms.katalon.core.main.TestCaseExecutor.doExecute(TestCaseExecutor.java:439)
	at com.kms.katalon.core.main.TestCaseExecutor.processExecutionPhase(TestCaseExecutor.java:418)
	at com.kms.katalon.core.main.TestCaseExecutor.accessMainPhase(TestCaseExecutor.java:410)
	at com.kms.katalon.core.main.TestCaseExecutor.execute(TestCaseExecutor.java:285)
	at com.kms.katalon.core.main.TestCaseExecutor.execute(TestCaseExecutor.java:369)
	at com.kms.katalon.core.main.TestCaseExecutor.execute(TestCaseExecutor.java:369)
	at com.kms.katalon.core.main.TestCaseExecutor.execute(TestCaseExecutor.java:369)
	at com.kms.katalon.core.common.CommonExecutor.accessTestCaseMainPhase(CommonExecutor.java:65)
	at com.kms.katalon.core.main.TestSuiteExecutor.accessTestSuiteMainPhase(TestSuiteExecutor.java:148)
	at com.kms.katalon.core.main.TestSuiteExecutor.execute(TestSuiteExecutor.java:106)
	at com.kms.katalon.core.main.TestCaseMain.startTestSuite(TestCaseMain.java:187)
	at com.kms.katalon.core.main.TestCaseMain$startTestSuite$0.call(Unknown Source)
	at TempTestSuite1704620791087.run(TempTestSuite1704620791087.groovy:36)
Caused by: com.kms.katalon.core.exception.StepFailedException: Text 'The transactions description may not be greater than 1000 characters.' is not present on page 
	at com.kms.katalon.core.webui.keyword.internal.WebUIKeywordMain.stepFailed(WebUIKeywordMain.groovy:64)
	at com.kms.katalon.core.webui.keyword.builtin.VerifyTextPresentKeyword$_verifyTextPresent_closure1.doCall(VerifyTextPresentKeyword.groovy:79)
	at com.kms.katalon.core.webui.keyword.builtin.VerifyTextPresentKeyword$_verifyTextPresent_closure1.call(VerifyTextPresentKeyword.groovy)
	at com.kms.katalon.core.webui.keyword.internal.WebUIKeywordMain.runKeyword(WebUIKeywordMain.groovy:20)
	... 22 more
)

2024-01-07 16:53:15 - [MESSAGE][FAILED] - Text 'The transactions description may not be greater than 1000 characters.' is not present on page  (Root cause: com.kms.katalon.core.exception.StepFailedException: Text 'The transactions description may not be greater than 1000 characters.' is not present on page 
	at com.kms.katalon.core.webui.keyword.internal.WebUIKeywordMain.stepFailed(WebUIKeywordMain.groovy:64)
	at com.kms.katalon.core.webui.keyword.builtin.VerifyTextPresentKeyword$_verifyTextPresent_closure1.doCall(VerifyTextPresentKeyword.groovy:79)
	at com.kms.katalon.core.webui.keyword.builtin.VerifyTextPresentKeyword$_verifyTextPresent_closure1.call(VerifyTextPresentKeyword.groovy)
	at com.kms.katalon.core.webui.keyword.internal.WebUIKeywordMain.runKeyword(WebUIKeywordMain.groovy:20)
	at com.kms.katalon.core.webui.keyword.builtin.VerifyTextPresentKeyword.verifyTextPresent(VerifyTextPresentKeyword.groovy:83)
	at com.kms.katalon.core.webui.keyword.builtin.VerifyTextPresentKeyword.execute(VerifyTextPresentKeyword.groovy:68)
	at com.kms.katalon.core.keyword.internal.KeywordExecutor.executeKeywordForPlatform(KeywordExecutor.groovy:74)
	at com.kms.katalon.core.webui.keyword.WebUiBuiltInKeywords.verifyTextPresent(WebUiBuiltInKeywords.groovy:1723)
	at com.kms.katalon.core.webui.keyword.WebUiBuiltInKeywords$verifyTextPresent$8.call(Unknown Source)
	at TC19.run(TC19:38)
	at com.kms.katalon.core.main.ScriptEngine.run(ScriptEngine.java:194)
	at com.kms.katalon.core.main.ScriptEngine.runScriptAsRawText(ScriptEngine.java:119)
	at com.kms.katalon.core.main.TestCaseExecutor.runScript(TestCaseExecutor.java:448)
	at com.kms.katalon.core.main.TestCaseExecutor.doExecute(TestCaseExecutor.java:439)
	at com.kms.katalon.core.main.TestCaseExecutor.processExecutionPhase(TestCaseExecutor.java:418)
	at com.kms.katalon.core.main.TestCaseExecutor.accessMainPhase(TestCaseExecutor.java:410)
	at com.kms.katalon.core.main.TestCaseExecutor.execute(TestCaseExecutor.java:285)
	at com.kms.katalon.core.main.TestCaseExecutor.execute(TestCaseExecutor.java:369)
	at com.kms.katalon.core.main.TestCaseExecutor.execute(TestCaseExecutor.java:369)
	at com.kms.katalon.core.main.TestCaseExecutor.execute(TestCaseExecutor.java:369)
	at com.kms.katalon.core.common.CommonExecutor.accessTestCaseMainPhase(CommonExecutor.java:65)
	at com.kms.katalon.core.main.TestSuiteExecutor.accessTestSuiteMainPhase(TestSuiteExecutor.java:148)
	at com.kms.katalon.core.main.TestSuiteExecutor.execute(TestSuiteExecutor.java:106)
	at com.kms.katalon.core.main.TestCaseMain.startTestSuite(TestCaseMain.java:187)
	at com.kms.katalon.core.main.TestCaseMain$startTestSuite$0.call(Unknown Source)
	at TempTestSuite1704620791087.run(TempTestSuite1704620791087.groovy:36)
)

2024-01-07 16:53:15 - [MESSAGE][FAILED] - Unable to verify text 'The transactions description may not be greater than 1000 characters.' is present  (Root cause: com.kms.katalon.core.exception.StepFailedException: Unable to verify text 'The transactions description may not be greater than 1000 characters.' is present 
	at com.kms.katalon.core.webui.keyword.internal.WebUIKeywordMain.stepFailed(WebUIKeywordMain.groovy:64)
	at com.kms.katalon.core.webui.keyword.internal.WebUIKeywordMain.runKeyword(WebUIKeywordMain.groovy:26)
	at com.kms.katalon.core.webui.keyword.builtin.VerifyTextPresentKeyword.verifyTextPresent(VerifyTextPresentKeyword.groovy:83)
	at com.kms.katalon.core.webui.keyword.builtin.VerifyTextPresentKeyword.execute(VerifyTextPresentKeyword.groovy:68)
	at com.kms.katalon.core.keyword.internal.KeywordExecutor.executeKeywordForPlatform(KeywordExecutor.groovy:74)
	at com.kms.katalon.core.webui.keyword.WebUiBuiltInKeywords.verifyTextPresent(WebUiBuiltInKeywords.groovy:1723)
	at com.kms.katalon.core.webui.keyword.WebUiBuiltInKeywords$verifyTextPresent$8.call(Unknown Source)
	at TC19.run(TC19:38)
	at com.kms.katalon.core.main.ScriptEngine.run(ScriptEngine.java:194)
	at com.kms.katalon.core.main.ScriptEngine.runScriptAsRawText(ScriptEngine.java:119)
	at com.kms.katalon.core.main.TestCaseExecutor.runScript(TestCaseExecutor.java:448)
	at com.kms.katalon.core.main.TestCaseExecutor.doExecute(TestCaseExecutor.java:439)
	at com.kms.katalon.core.main.TestCaseExecutor.processExecutionPhase(TestCaseExecutor.java:418)
	at com.kms.katalon.core.main.TestCaseExecutor.accessMainPhase(TestCaseExecutor.java:410)
	at com.kms.katalon.core.main.TestCaseExecutor.execute(TestCaseExecutor.java:285)
	at com.kms.katalon.core.main.TestCaseExecutor.execute(TestCaseExecutor.java:369)
	at com.kms.katalon.core.main.TestCaseExecutor.execute(TestCaseExecutor.java:369)
	at com.kms.katalon.core.main.TestCaseExecutor.execute(TestCaseExecutor.java:369)
	at com.kms.katalon.core.common.CommonExecutor.accessTestCaseMainPhase(CommonExecutor.java:65)
	at com.kms.katalon.core.main.TestSuiteExecutor.accessTestSuiteMainPhase(TestSuiteExecutor.java:148)
	at com.kms.katalon.core.main.TestSuiteExecutor.execute(TestSuiteExecutor.java:106)
	at com.kms.katalon.core.main.TestCaseMain.startTestSuite(TestCaseMain.java:187)
	at com.kms.katalon.core.main.TestCaseMain$startTestSuite$0.call(Unknown Source)
	at TempTestSuite1704620791087.run(TempTestSuite1704620791087.groovy:36)
Caused by: com.kms.katalon.core.exception.StepFailedException: Text 'The transactions description may not be greater than 1000 characters.' is not present on page 
	at com.kms.katalon.core.webui.keyword.internal.WebUIKeywordMain.stepFailed(WebUIKeywordMain.groovy:64)
	at com.kms.katalon.core.webui.keyword.builtin.VerifyTextPresentKeyword$_verifyTextPresent_closure1.doCall(VerifyTextPresentKeyword.groovy:79)
	at com.kms.katalon.core.webui.keyword.builtin.VerifyTextPresentKeyword$_verifyTextPresent_closure1.call(VerifyTextPresentKeyword.groovy)
	at com.kms.katalon.core.webui.keyword.internal.WebUIKeywordMain.runKeyword(WebUIKeywordMain.groovy:20)
	... 22 more
)
[[ATTACHMENT|C:\\Users\\Thuan\\Desktop\\Workspace\\software_testing_katalon\\Reports\\20240107_164631\\Functional\\create new transaction-withdrawals\\20240107_164631\\1704621195581.png]]]]></system-out>
         <system-err><![CDATA[2024-01-07 16:53:02 - [TEST_CASE][FAILED] - Test Cases/Functional/create new transaction-withdrawals/TC19: Test Cases/Functional/create new transaction-withdrawals/TC19 FAILED.
Reason:
com.kms.katalon.core.exception.StepFailedException: Unable to verify text 'The transactions description may not be greater than 1000 characters.' is present 
	at com.kms.katalon.core.webui.keyword.internal.WebUIKeywordMain.stepFailed(WebUIKeywordMain.groovy:64)
	at com.kms.katalon.core.webui.keyword.internal.WebUIKeywordMain.runKeyword(WebUIKeywordMain.groovy:26)
	at com.kms.katalon.core.webui.keyword.builtin.VerifyTextPresentKeyword.verifyTextPresent(VerifyTextPresentKeyword.groovy:83)
	at com.kms.katalon.core.webui.keyword.builtin.VerifyTextPresentKeyword.execute(VerifyTextPresentKeyword.groovy:68)
	at com.kms.katalon.core.keyword.internal.KeywordExecutor.executeKeywordForPlatform(KeywordExecutor.groovy:74)
	at com.kms.katalon.core.webui.keyword.WebUiBuiltInKeywords.verifyTextPresent(WebUiBuiltInKeywords.groovy:1723)
	at com.kms.katalon.core.webui.keyword.WebUiBuiltInKeywords$verifyTextPresent$8.call(Unknown Source)
	at TC19.run(TC19:38)
	at com.kms.katalon.core.main.ScriptEngine.run(ScriptEngine.java:194)
	at com.kms.katalon.core.main.ScriptEngine.runScriptAsRawText(ScriptEngine.java:119)
	at com.kms.katalon.core.main.TestCaseExecutor.runScript(TestCaseExecutor.java:448)
	at com.kms.katalon.core.main.TestCaseExecutor.doExecute(TestCaseExecutor.java:439)
	at com.kms.katalon.core.main.TestCaseExecutor.processExecutionPhase(TestCaseExecutor.java:418)
	at com.kms.katalon.core.main.TestCaseExecutor.accessMainPhase(TestCaseExecutor.java:410)
	at com.kms.katalon.core.main.TestCaseExecutor.execute(TestCaseExecutor.java:285)
	at com.kms.katalon.core.main.TestCaseExecutor.execute(TestCaseExecutor.java:369)
	at com.kms.katalon.core.main.TestCaseExecutor.execute(TestCaseExecutor.java:369)
	at com.kms.katalon.core.main.TestCaseExecutor.execute(TestCaseExecutor.java:369)
	at com.kms.katalon.core.common.CommonExecutor.accessTestCaseMainPhase(CommonExecutor.java:65)
	at com.kms.katalon.core.main.TestSuiteExecutor.accessTestSuiteMainPhase(TestSuiteExecutor.java:148)
	at com.kms.katalon.core.main.TestSuiteExecutor.execute(TestSuiteExecutor.java:106)
	at com.kms.katalon.core.main.TestCaseMain.startTestSuite(TestCaseMain.java:187)
	at com.kms.katalon.core.main.TestCaseMain$startTestSuite$0.call(Unknown Source)
	at TempTestSuite1704620791087.run(TempTestSuite1704620791087.groovy:36)
Caused by: com.kms.katalon.core.exception.StepFailedException: Text 'The transactions description may not be greater than 1000 characters.' is not present on page 
	at com.kms.katalon.core.webui.keyword.internal.WebUIKeywordMain.stepFailed(WebUIKeywordMain.groovy:64)
	at com.kms.katalon.core.webui.keyword.builtin.VerifyTextPresentKeyword$_verifyTextPresent_closure1.doCall(VerifyTextPresentKeyword.groovy:79)
	at com.kms.katalon.core.webui.keyword.builtin.VerifyTextPresentKeyword$_verifyTextPresent_closure1.call(VerifyTextPresentKeyword.groovy)
	at com.kms.katalon.core.webui.keyword.internal.WebUIKeywordMain.runKeyword(WebUIKeywordMain.groovy:20)
	... 22 more]]></system-err>
      </testcase>
      <system-out><![CDATA[2024-01-07 16:46:39 - [TEST_SUITE][FAILED] - create new transaction-withdrawals: Test Cases/Functional/create new transaction-withdrawals/TC6_TC7_TC12_TC13_TC16_TC18 FAILED.
Reason:
com.kms.katalon.core.exception.StepFailedException: Unable to verify text 'The transaction amount must be greater than 0.' is present  using regular expression
	at com.kms.katalon.core.webui.keyword.internal.WebUIKeywordMain.stepFailed(WebUIKeywordMain.groovy:64)
	at com.kms.katalon.core.webui.keyword.internal.WebUIKeywordMain.runKeyword(WebUIKeywordMain.groovy:26)
	at com.kms.katalon.core.webui.keyword.builtin.VerifyTextPresentKeyword.verifyTextPresent(VerifyTextPresentKeyword.groovy:83)
	at com.kms.katalon.core.webui.keyword.builtin.VerifyTextPresentKeyword.execute(VerifyTextPresentKeyword.groovy:68)
	at com.kms.katalon.core.keyword.internal.KeywordExecutor.executeKeywordForPlatform(KeywordExecutor.groovy:74)
	at com.kms.katalon.core.webui.keyword.WebUiBuiltInKeywords.verifyTextPresent(WebUiBuiltInKeywords.groovy:1723)
	at com.kms.katalon.core.webui.keyword.WebUiBuiltInKeywords$verifyTextPresent$8.call(Unknown Source)
	at TC6_TC7_TC12_TC13_TC16_TC18.run(TC6_TC7_TC12_TC13_TC16_TC18:46)
	at com.kms.katalon.core.main.ScriptEngine.run(ScriptEngine.java:194)
	at com.kms.katalon.core.main.ScriptEngine.runScriptAsRawText(ScriptEngine.java:119)
	at com.kms.katalon.core.main.TestCaseExecutor.runScript(TestCaseExecutor.java:448)
	at com.kms.katalon.core.main.TestCaseExecutor.doExecute(TestCaseExecutor.java:439)
	at com.kms.katalon.core.main.TestCaseExecutor.processExecutionPhase(TestCaseExecutor.java:418)
	at com.kms.katalon.core.main.TestCaseExecutor.accessMainPhase(TestCaseExecutor.java:410)
	at com.kms.katalon.core.main.TestCaseExecutor.execute(TestCaseExecutor.java:285)
	at com.kms.katalon.core.common.CommonExecutor.accessTestCaseMainPhase(CommonExecutor.java:65)
	at com.kms.katalon.core.main.TestSuiteExecutor.accessTestSuiteMainPhase(TestSuiteExecutor.java:148)
	at com.kms.katalon.core.main.TestSuiteExecutor.execute(TestSuiteExecutor.java:106)
	at com.kms.katalon.core.main.TestCaseMain.startTestSuite(TestCaseMain.java:187)
	at com.kms.katalon.core.main.TestCaseMain$startTestSuite$0.call(Unknown Source)
	at TempTestSuite1704620791087.run(TempTestSuite1704620791087.groovy:36)
Caused by: com.kms.katalon.core.exception.StepFailedException: Text 'The transaction amount must be greater than 0.' is not present on page  using regular expression
	at com.kms.katalon.core.webui.keyword.internal.WebUIKeywordMain.stepFailed(WebUIKeywordMain.groovy:64)
	at com.kms.katalon.core.webui.keyword.builtin.VerifyTextPresentKeyword$_verifyTextPresent_closure1.doCall(VerifyTextPresentKeyword.groovy:79)
	at com.kms.katalon.core.webui.keyword.builtin.VerifyTextPresentKeyword$_verifyTextPresent_closure1.call(VerifyTextPresentKeyword.groovy)
	at com.kms.katalon.core.webui.keyword.internal.WebUIKeywordMain.runKeyword(WebUIKeywordMain.groovy:20)
	... 19 more]]></system-out>
      <system-err><![CDATA[2024-01-07 16:46:39 - [TEST_SUITE][FAILED] - create new transaction-withdrawals: Test Cases/Functional/create new transaction-withdrawals/TC6_TC7_TC12_TC13_TC16_TC18 FAILED.
Reason:
com.kms.katalon.core.exception.StepFailedException: Unable to verify text 'The transaction amount must be greater than 0.' is present  using regular expression
	at com.kms.katalon.core.webui.keyword.internal.WebUIKeywordMain.stepFailed(WebUIKeywordMain.groovy:64)
	at com.kms.katalon.core.webui.keyword.internal.WebUIKeywordMain.runKeyword(WebUIKeywordMain.groovy:26)
	at com.kms.katalon.core.webui.keyword.builtin.VerifyTextPresentKeyword.verifyTextPresent(VerifyTextPresentKeyword.groovy:83)
	at com.kms.katalon.core.webui.keyword.builtin.VerifyTextPresentKeyword.execute(VerifyTextPresentKeyword.groovy:68)
	at com.kms.katalon.core.keyword.internal.KeywordExecutor.executeKeywordForPlatform(KeywordExecutor.groovy:74)
	at com.kms.katalon.core.webui.keyword.WebUiBuiltInKeywords.verifyTextPresent(WebUiBuiltInKeywords.groovy:1723)
	at com.kms.katalon.core.webui.keyword.WebUiBuiltInKeywords$verifyTextPresent$8.call(Unknown Source)
	at TC6_TC7_TC12_TC13_TC16_TC18.run(TC6_TC7_TC12_TC13_TC16_TC18:46)
	at com.kms.katalon.core.main.ScriptEngine.run(ScriptEngine.java:194)
	at com.kms.katalon.core.main.ScriptEngine.runScriptAsRawText(ScriptEngine.java:119)
	at com.kms.katalon.core.main.TestCaseExecutor.runScript(TestCaseExecutor.java:448)
	at com.kms.katalon.core.main.TestCaseExecutor.doExecute(TestCaseExecutor.java:439)
	at com.kms.katalon.core.main.TestCaseExecutor.processExecutionPhase(TestCaseExecutor.java:418)
	at com.kms.katalon.core.main.TestCaseExecutor.accessMainPhase(TestCaseExecutor.java:410)
	at com.kms.katalon.core.main.TestCaseExecutor.execute(TestCaseExecutor.java:285)
	at com.kms.katalon.core.common.CommonExecutor.accessTestCaseMainPhase(CommonExecutor.java:65)
	at com.kms.katalon.core.main.TestSuiteExecutor.accessTestSuiteMainPhase(TestSuiteExecutor.java:148)
	at com.kms.katalon.core.main.TestSuiteExecutor.execute(TestSuiteExecutor.java:106)
	at com.kms.katalon.core.main.TestCaseMain.startTestSuite(TestCaseMain.java:187)
	at com.kms.katalon.core.main.TestCaseMain$startTestSuite$0.call(Unknown Source)
	at TempTestSuite1704620791087.run(TempTestSuite1704620791087.groovy:36)
Caused by: com.kms.katalon.core.exception.StepFailedException: Text 'The transaction amount must be greater than 0.' is not present on page  using regular expression
	at com.kms.katalon.core.webui.keyword.internal.WebUIKeywordMain.stepFailed(WebUIKeywordMain.groovy:64)
	at com.kms.katalon.core.webui.keyword.builtin.VerifyTextPresentKeyword$_verifyTextPresent_closure1.doCall(VerifyTextPresentKeyword.groovy:79)
	at com.kms.katalon.core.webui.keyword.builtin.VerifyTextPresentKeyword$_verifyTextPresent_closure1.call(VerifyTextPresentKeyword.groovy)
	at com.kms.katalon.core.webui.keyword.internal.WebUIKeywordMain.runKeyword(WebUIKeywordMain.groovy:20)
	... 19 more]]></system-err>
   </testsuite>
</testsuites>
